This is pdfTeX, Version 3.1415926-2.4-1.40.13 (MiKTeX 2.9) (preloaded format=pdflatex 2013.3.6)  8 MAY 2013 12:51
entering extended mode
**C:/Users/mlababid/Dropbox/_thesis/GMU_dissertation.tex
(C:/Users/mlababid/Dropbox/_thesis/GMU_dissertation.tex
LaTeX2e <2011/06/27>
Babel <v3.8m> and hyphenation patterns for english, afrikaans, ancientgreek, ar
abic, armenian, assamese, basque, bengali, bokmal, bulgarian, catalan, coptic, 
croatian, czech, danish, dutch, esperanto, estonian, farsi, finnish, french, ga
lician, german, german-x-2012-05-30, greek, gujarati, hindi, hungarian, iceland
ic, indonesian, interlingua, irish, italian, kannada, kurmanji, latin, latvian,
 lithuanian, malayalam, marathi, mongolian, mongolianlmc, monogreek, ngerman, n
german-x-2012-05-30, nynorsk, oriya, panjabi, pinyin, polish, portuguese, roman
ian, russian, sanskrit, serbian, slovak, slovenian, spanish, swedish, swissgerm
an, tamil, telugu, turkish, turkmen, ukenglish, ukrainian, uppersorbian, usengl
ishmax, welsh, loaded.
("C:\Program Files (x86)\MiKTeX 2.9\tex\latex\base\report.cls"
Document Class: report 2007/10/19 v1.4h Standard LaTeX document class
("C:\Program Files (x86)\MiKTeX 2.9\tex\latex\base\size11.clo"
File: size11.clo 2007/10/19 v1.4h Standard LaTeX file (size option)
)
\c@part=\count79
\c@chapter=\count80
\c@section=\count81
\c@subsection=\count82
\c@subsubsection=\count83
\c@paragraph=\count84
\c@subparagraph=\count85
\c@figure=\count86
\c@table=\count87
\abovecaptionskip=\skip41
\belowcaptionskip=\skip42
\bibindent=\dimen102
)
(C:\Users\mlababid\Dropbox\_thesis\gmudissertation.sty
\c@lem=\count88
\c@prop=\count89
\c@assum=\count90
\c@Def=\count91
)
("C:\Program Files (x86)\MiKTeX 2.9\tex\latex\graphics\graphicx.sty"
Package: graphicx 1999/02/16 v1.0f Enhanced LaTeX Graphics (DPC,SPQR)

("C:\Program Files (x86)\MiKTeX 2.9\tex\latex\graphics\keyval.sty"
Package: keyval 1999/03/16 v1.13 key=value parser (DPC)
\KV@toks@=\toks14
)
("C:\Program Files (x86)\MiKTeX 2.9\tex\latex\graphics\graphics.sty"
Package: graphics 2009/02/05 v1.0o Standard LaTeX Graphics (DPC,SPQR)

("C:\Program Files (x86)\MiKTeX 2.9\tex\latex\graphics\trig.sty"
Package: trig 1999/03/16 v1.09 sin cos tan (DPC)
)
("C:\Program Files (x86)\MiKTeX 2.9\tex\latex\00miktex\graphics.cfg"
File: graphics.cfg 2007/01/18 v1.5 graphics configuration of teTeX/TeXLive
)
Package graphics Info: Driver file: pdftex.def on input line 91.

("C:\Program Files (x86)\MiKTeX 2.9\tex\latex\pdftex-def\pdftex.def"
File: pdftex.def 2011/05/27 v0.06d Graphics/color for pdfTeX

("C:\Program Files (x86)\MiKTeX 2.9\tex\generic\oberdiek\infwarerr.sty"
Package: infwarerr 2010/04/08 v1.3 Providing info/warning/error messages (HO)
)
("C:\Program Files (x86)\MiKTeX 2.9\tex\generic\oberdiek\ltxcmds.sty"
Package: ltxcmds 2011/11/09 v1.22 LaTeX kernel commands for general use (HO)
)
\Gread@gobject=\count92
))
\Gin@req@height=\dimen103
\Gin@req@width=\dimen104
)
("C:\Program Files (x86)\MiKTeX 2.9\tex\latex\ams\math\amsmath.sty"
Package: amsmath 2000/07/18 v2.13 AMS math features
\@mathmargin=\skip43

For additional information on amsmath, use the `?' option.
("C:\Program Files (x86)\MiKTeX 2.9\tex\latex\ams\math\amstext.sty"
Package: amstext 2000/06/29 v2.01

("C:\Program Files (x86)\MiKTeX 2.9\tex\latex\ams\math\amsgen.sty"
File: amsgen.sty 1999/11/30 v2.0
\@emptytoks=\toks15
\ex@=\dimen105
))
("C:\Program Files (x86)\MiKTeX 2.9\tex\latex\ams\math\amsbsy.sty"
Package: amsbsy 1999/11/29 v1.2d
\pmbraise@=\dimen106
)
("C:\Program Files (x86)\MiKTeX 2.9\tex\latex\ams\math\amsopn.sty"
Package: amsopn 1999/12/14 v2.01 operator names
)
\inf@bad=\count93
LaTeX Info: Redefining \frac on input line 211.
\uproot@=\count94
\leftroot@=\count95
LaTeX Info: Redefining \overline on input line 307.
\classnum@=\count96
\DOTSCASE@=\count97
LaTeX Info: Redefining \ldots on input line 379.
LaTeX Info: Redefining \dots on input line 382.
LaTeX Info: Redefining \cdots on input line 467.
\Mathstrutbox@=\box26
\strutbox@=\box27
\big@size=\dimen107
LaTeX Font Info:    Redeclaring font encoding OML on input line 567.
LaTeX Font Info:    Redeclaring font encoding OMS on input line 568.
\macc@depth=\count98
\c@MaxMatrixCols=\count99
\dotsspace@=\muskip10
\c@parentequation=\count100
\dspbrk@lvl=\count101
\tag@help=\toks16
\row@=\count102
\column@=\count103
\maxfields@=\count104
\andhelp@=\toks17
\eqnshift@=\dimen108
\alignsep@=\dimen109
\tagshift@=\dimen110
\tagwidth@=\dimen111
\totwidth@=\dimen112
\lineht@=\dimen113
\@envbody=\toks18
\multlinegap=\skip44
\multlinetaggap=\skip45
\mathdisplay@stack=\toks19
LaTeX Info: Redefining \[ on input line 2666.
LaTeX Info: Redefining \] on input line 2667.
)
("C:\Program Files (x86)\MiKTeX 2.9\tex\latex\amsfonts\amsfonts.sty"
Package: amsfonts 2009/06/22 v3.00 Basic AMSFonts support
\symAMSa=\mathgroup4
\symAMSb=\mathgroup5
LaTeX Font Info:    Overwriting math alphabet `\mathfrak' in version `bold'
(Font)                  U/euf/m/n --> U/euf/b/n on input line 96.
)
("C:\Program Files (x86)\MiKTeX 2.9\tex\latex\amsfonts\amssymb.sty"
Package: amssymb 2009/06/22 v3.00
)
("C:\Program Files (x86)\MiKTeX 2.9\tex\latex\ams\classes\amsthm.sty"
Package: amsthm 2004/08/06 v2.20
\thm@style=\toks20
\thm@bodyfont=\toks21
\thm@headfont=\toks22
\thm@notefont=\toks23
\thm@headpunct=\toks24
\thm@preskip=\skip46
\thm@postskip=\skip47
\thm@headsep=\skip48
\dth@everypar=\toks25
)
("C:\Program Files (x86)\MiKTeX 2.9\tex\latex\oberdiek\epstopdf.sty"
Package: epstopdf 2010/02/09 v2.5 Conversion with epstopdf on the fly (HO)

("C:\Program Files (x86)\MiKTeX 2.9\tex\latex\oberdiek\epstopdf-base.sty"
Package: epstopdf-base 2010/02/09 v2.5 Base part for package epstopdf

("C:\Program Files (x86)\MiKTeX 2.9\tex\latex\oberdiek\grfext.sty"
Package: grfext 2010/08/19 v1.1 Manage graphics extensions (HO)

("C:\Program Files (x86)\MiKTeX 2.9\tex\generic\oberdiek\kvdefinekeys.sty"
Package: kvdefinekeys 2011/04/07 v1.3 Define keys (HO)
))
("C:\Program Files (x86)\MiKTeX 2.9\tex\latex\oberdiek\kvoptions.sty"
Package: kvoptions 2011/06/30 v3.11 Key value format for package options (HO)

("C:\Program Files (x86)\MiKTeX 2.9\tex\generic\oberdiek\kvsetkeys.sty"
Package: kvsetkeys 2012/04/25 v1.16 Key value parser (HO)

("C:\Program Files (x86)\MiKTeX 2.9\tex\generic\oberdiek\etexcmds.sty"
Package: etexcmds 2011/02/16 v1.5 Avoid name clashes with e-TeX commands (HO)

("C:\Program Files (x86)\MiKTeX 2.9\tex\generic\oberdiek\ifluatex.sty"
Package: ifluatex 2010/03/01 v1.3 Provides the ifluatex switch (HO)
Package ifluatex Info: LuaTeX not detected.
)
Package etexcmds Info: Could not find \expanded.
(etexcmds)             That can mean that you are not using pdfTeX 1.50 or
(etexcmds)             that some package has redefined \expanded.
(etexcmds)             In the latter case, load this package earlier.
)))
("C:\Program Files (x86)\MiKTeX 2.9\tex\generic\oberdiek\pdftexcmds.sty"
Package: pdftexcmds 2011/11/29 v0.20 Utility functions of pdfTeX for LuaTeX (HO
)

("C:\Program Files (x86)\MiKTeX 2.9\tex\generic\oberdiek\ifpdf.sty"
Package: ifpdf 2011/01/30 v2.3 Provides the ifpdf switch (HO)
Package ifpdf Info: pdfTeX in PDF mode is detected.
)
Package pdftexcmds Info: LuaTeX not detected.
Package pdftexcmds Info: \pdf@primitive is available.
Package pdftexcmds Info: \pdf@ifprimitive is available.
Package pdftexcmds Info: \pdfdraftmode found.
)
Package grfext Info: Graphics extension search list:
(grfext)             [.png,.pdf,.jpg,.mps,.jpeg,.jbig2,.jb2,.PNG,.PDF,.JPG,.JPE
G,.JBIG2,.JB2,.eps]
(grfext)             \AppendGraphicsExtensions on input line 452.
))
(C:\Users\mlababid\Dropbox\_thesis\ulem.sty
\UL@box=\box28
\UL@hyphenbox=\box29
\UL@skip=\skip49
\UL@hook=\toks26
\UL@height=\dimen114
\UL@pe=\count105
\UL@pixel=\dimen115
\ULC@box=\box30
Package: ulem 2012/05/18
\ULdepth=\dimen116
)
(C:\Users\mlababid\Dropbox\_thesis\setspace.sty
Package: setspace 2000/12/01 6.7 Contributed and Supported LaTeX2e package

Package: `setspace' 6.7 <2000/12/01>
) ("C:\Program Files (x86)\MiKTeX 2.9\tex\latex\float\float.sty"
Package: float 2001/11/08 v1.3d Float enhancements (AL)
\c@float@type=\count106
\float@exts=\toks27
\float@box=\box31
\@float@everytoks=\toks28
\@floatcapt=\box32
)
("C:\Program Files (x86)\MiKTeX 2.9\tex\latex\hyperref\hyperref.sty"
Package: hyperref 2012/11/06 v6.83m Hypertext links for LaTeX

("C:\Program Files (x86)\MiKTeX 2.9\tex\generic\oberdiek\hobsub-hyperref.sty"
Package: hobsub-hyperref 2012/04/25 v1.12 Bundle oberdiek, subset hyperref (HO)


("C:\Program Files (x86)\MiKTeX 2.9\tex\generic\oberdiek\hobsub-generic.sty"
Package: hobsub-generic 2012/04/25 v1.12 Bundle oberdiek, subset generic (HO)
Package: hobsub 2012/04/25 v1.12 Construct package bundles (HO)
Package hobsub Info: Skipping package `infwarerr' (already loaded).
Package hobsub Info: Skipping package `ltxcmds' (already loaded).
Package hobsub Info: Skipping package `ifluatex' (already loaded).
Package: ifvtex 2010/03/01 v1.5 Detect VTeX and its facilities (HO)
Package ifvtex Info: VTeX not detected.
Package: intcalc 2007/09/27 v1.1 Expandable calculations with integers (HO)
Package hobsub Info: Skipping package `ifpdf' (already loaded).
Package hobsub Info: Skipping package `etexcmds' (already loaded).
Package hobsub Info: Skipping package `kvsetkeys' (already loaded).
Package hobsub Info: Skipping package `kvdefinekeys' (already loaded).
Package hobsub Info: Skipping package `pdftexcmds' (already loaded).
Package: pdfescape 2011/11/25 v1.13 Implements pdfTeX's escape features (HO)
Package: bigintcalc 2012/04/08 v1.3 Expandable calculations on big integers (HO
)
Package: bitset 2011/01/30 v1.1 Handle bit-vector datatype (HO)
Package: uniquecounter 2011/01/30 v1.2 Provide unlimited unique counter (HO)
)
Package hobsub Info: Skipping package `hobsub' (already loaded).
Package: letltxmacro 2010/09/02 v1.4 Let assignment for LaTeX macros (HO)
Package: hopatch 2011/06/24 v1.1 Wrapper for package hooks (HO)
Package: xcolor-patch 2011/01/30 xcolor patch
Package: atveryend 2011/06/30 v1.8 Hooks at the very end of document (HO)
Package atveryend Info: \enddocument detected (standard20110627).
Package: atbegshi 2011/10/05 v1.16 At begin shipout hook (HO)
Package: refcount 2011/10/16 v3.4 Data extraction from label references (HO)
Package: hycolor 2011/01/30 v1.7 Color options for hyperref/bookmark (HO)
)
("C:\Program Files (x86)\MiKTeX 2.9\tex\generic\ifxetex\ifxetex.sty"
Package: ifxetex 2010/09/12 v0.6 Provides ifxetex conditional
)
("C:\Program Files (x86)\MiKTeX 2.9\tex\latex\oberdiek\auxhook.sty"
Package: auxhook 2011/03/04 v1.3 Hooks for auxiliary files (HO)
)
\@linkdim=\dimen117
\Hy@linkcounter=\count107
\Hy@pagecounter=\count108

("C:\Program Files (x86)\MiKTeX 2.9\tex\latex\hyperref\pd1enc.def"
File: pd1enc.def 2012/11/06 v6.83m Hyperref: PDFDocEncoding definition (HO)
)
\Hy@SavedSpaceFactor=\count109

("C:\Program Files (x86)\MiKTeX 2.9\tex\latex\00miktex\hyperref.cfg"
File: hyperref.cfg 2002/06/06 v1.2 hyperref configuration of TeXLive
)
Package hyperref Info: Option `breaklinks' set `true' on input line 4319.
Package hyperref Info: Option `bookmarks' set `true' on input line 4319.
Package hyperref Info: Option `colorlinks' set `false' on input line 4319.
Package hyperref Info: Hyper figures OFF on input line 4443.
Package hyperref Info: Link nesting OFF on input line 4448.
Package hyperref Info: Hyper index ON on input line 4451.
Package hyperref Info: Plain pages OFF on input line 4458.
Package hyperref Info: Backreferencing OFF on input line 4463.
Package hyperref Info: Implicit mode ON; LaTeX internals redefined.
Package hyperref Info: Bookmarks ON on input line 4688.
\c@Hy@tempcnt=\count110

("C:\Program Files (x86)\MiKTeX 2.9\tex\latex\ltxmisc\url.sty"
\Urlmuskip=\muskip11
Package: url 2006/04/12  ver 3.3  Verb mode for urls, etc.
)
LaTeX Info: Redefining \url on input line 5041.
\XeTeXLinkMargin=\dimen118
\Fld@menulength=\count111
\Field@Width=\dimen119
\Fld@charsize=\dimen120
Package hyperref Info: Hyper figures OFF on input line 6295.
Package hyperref Info: Link nesting OFF on input line 6300.
Package hyperref Info: Hyper index ON on input line 6303.
Package hyperref Info: backreferencing OFF on input line 6310.
Package hyperref Info: Link coloring OFF on input line 6315.
Package hyperref Info: Link coloring with OCG OFF on input line 6320.
Package hyperref Info: PDF/A mode OFF on input line 6325.
LaTeX Info: Redefining \ref on input line 6365.
LaTeX Info: Redefining \pageref on input line 6369.
\Hy@abspage=\count112
\c@Item=\count113
\c@Hfootnote=\count114
)

Package hyperref Message: Driver (autodetected): hpdftex.

("C:\Program Files (x86)\MiKTeX 2.9\tex\latex\hyperref\hpdftex.def"
File: hpdftex.def 2012/11/06 v6.83m Hyperref driver for pdfTeX
\Fld@listcount=\count115
\c@bookmark@seq@number=\count116

("C:\Program Files (x86)\MiKTeX 2.9\tex\latex\oberdiek\rerunfilecheck.sty"
Package: rerunfilecheck 2011/04/15 v1.7 Rerun checks for auxiliary files (HO)
Package uniquecounter Info: New unique counter `rerunfilecheck' on input line 2
82.
)
\Hy@SectionHShift=\skip50
)
("C:\Program Files (x86)\MiKTeX 2.9\tex\latex\multirow\multirow.sty"
\bigstrutjot=\dimen121
)
("C:\Program Files (x86)\MiKTeX 2.9\tex\latex\jknappen\mathrsfs.sty"
Package: mathrsfs 1996/01/01 Math RSFS package v1.0 (jk)
\symrsfs=\mathgroup6
)
(C:\Users\mlababid\AppData\Roaming\MiKTeX\2.9\tex\latex\braket\braket.sty)
(C:\Users\mlababid\Dropbox\_thesis\GMU_dissertation.aux
(C:\Users\mlababid\Dropbox\_thesis\symbols.aux))
LaTeX Font Info:    Checking defaults for OML/cmm/m/it on input line 67.
LaTeX Font Info:    ... okay on input line 67.
LaTeX Font Info:    Checking defaults for T1/cmr/m/n on input line 67.
LaTeX Font Info:    ... okay on input line 67.
LaTeX Font Info:    Checking defaults for OT1/cmr/m/n on input line 67.
LaTeX Font Info:    ... okay on input line 67.
LaTeX Font Info:    Checking defaults for OMS/cmsy/m/n on input line 67.
LaTeX Font Info:    ... okay on input line 67.
LaTeX Font Info:    Checking defaults for OMX/cmex/m/n on input line 67.
LaTeX Font Info:    ... okay on input line 67.
LaTeX Font Info:    Checking defaults for U/cmr/m/n on input line 67.
LaTeX Font Info:    ... okay on input line 67.
LaTeX Font Info:    Checking defaults for PD1/pdf/m/n on input line 67.
LaTeX Font Info:    ... okay on input line 67.

(C:\Users\mlababid\AppData\Roaming\MiKTeX\2.9\tex\context\base\supp-pdf.mkii
[Loading MPS to PDF converter (version 2006.09.02).]
\scratchcounter=\count117
\scratchdimen=\dimen122
\scratchbox=\box33
\nofMPsegments=\count118
\nofMParguments=\count119
\everyMPshowfont=\toks29
\MPscratchCnt=\count120
\MPscratchDim=\dimen123
\MPnumerator=\count121
\makeMPintoPDFobject=\count122
\everyMPtoPDFconversion=\toks30
)
\AtBeginShipoutBox=\box34
Package hyperref Info: Link coloring OFF on input line 67.
 ("C:\Program Files (x86)\MiKTeX 2.9\tex\latex\hyperref\nameref.sty"
Package: nameref 2012/10/27 v2.43 Cross-referencing by name of section

("C:\Program Files (x86)\MiKTeX 2.9\tex\generic\oberdiek\gettitlestring.sty"
Package: gettitlestring 2010/12/03 v1.4 Cleanup title references (HO)
)
\c@section@level=\count123
)
LaTeX Info: Redefining \ref on input line 67.
LaTeX Info: Redefining \pageref on input line 67.
LaTeX Info: Redefining \nameref on input line 67.

(C:\Users\mlababid\Dropbox\_thesis\GMU_dissertation.out)
(C:\Users\mlababid\Dropbox\_thesis\GMU_dissertation.out)
\@outlinefile=\write3
 [1

{C:/Users/mlababid/AppData/Local/MiKTeX/2.9/pdftex/config/pdftex.map}]
Underfull \hbox (badness 10000) in paragraph at lines 101--101

 []

[2]
LaTeX Font Info:    Try loading font information for OMS+cmr on input line 102.

 ("C:\Program Files (x86)\MiKTeX 2.9\tex\latex\base\omscmr.fd"
File: omscmr.fd 1999/05/25 v2.5h Standard LaTeX font definitions
)
LaTeX Font Info:    Font shape `OMS/cmr/m/n' in size <10.95> not available
(Font)              Font shape `OMS/cmsy/m/n' tried instead on input line 102.
pdfTeX warning (ext4): destination with the same identifier (name{page.ii}) has
 been already used, duplicate ignored
<to be read again> 
                   \relax 
l.102 \copyrightpage
                     [2] [3] [4] [5]
(C:\Users\mlababid\Dropbox\_thesis\GMU_dissertation.toc
LaTeX Font Info:    Try loading font information for U+msa on input line 1.

("C:\Program Files (x86)\MiKTeX 2.9\tex\latex\amsfonts\umsa.fd"
File: umsa.fd 2009/06/22 v3.00 AMS symbols A
)
LaTeX Font Info:    Try loading font information for U+msb on input line 1.

("C:\Program Files (x86)\MiKTeX 2.9\tex\latex\amsfonts\umsb.fd"
File: umsb.fd 2009/06/22 v3.00 AMS symbols B
)
LaTeX Font Info:    Try loading font information for U+rsfs on input line 1.

("C:\Program Files (x86)\MiKTeX 2.9\tex\latex\jknappen\ursfs.fd"
File: ursfs.fd 1998/03/24 rsfs font definition file (jk)
))
\tf@toc=\write4
 [6

] [7]
\hspace {2.225 in} \relax \fontsize {12}{14}\selectfont CHAPTER 1.
(C:\Users\mlababid\Dropbox\_thesis\GMU_dissertation.lof

LaTeX Warning: Citation `heine65' on page viii undefined on input line 5.

[8

] [9])
\tf@lof=\write5
 [10] (C:\Users\mlababid\Dropbox\_thesis\symbols.tex
\hspace {2.225 in} \relax \fontsize {12}{14}\selectfont CHAPTER 2.
) [11


]
\hspace {2.225 in} \relax \fontsize {12}{14}\selectfont CHAPTER 3.
[0


]pdfTeX warning (ext4): destination with the same identifier (name{chapter.1}) 
has been already used, duplicate ignored
<to be read again> 
                   \relax 
l.176 \chapter{Introduction}
                            
\hspace {2.225 in} \relax \fontsize {12}{14}\selectfont CHAPTER 1.
[1

] [2] <bands2.png, id=333, 1165.956pt x 270.611pt>
File: bands2.png Graphic file (type png)
 <use bands2.png>
Package pdftex.def Info: bands2.png used on input line 213.
(pdftex.def)             Requested size: 433.62pt x 100.64064pt.
 [3 <C:/Users/mlababid/Dropbox/_thesis/bands2.png>] [4] [5]
<fourprobe.png, id=358, 246.1697pt x 261.22594pt>
File: fourprobe.png Graphic file (type png)
 <use fourprobe.png>
Package pdftex.def Info: fourprobe.png used on input line 264.
(pdftex.def)             Requested size: 195.12767pt x 207.07173pt.

<resistance.png, id=359, 471.26062pt x 561.59813pt>
File: resistance.png Graphic file (type png)
 <use resistance.png>
Package pdftex.def Info: resistance.png used on input line 265.
(pdftex.def)             Requested size: 195.12767pt x 232.53615pt.

[6] [7 <C:/Users/mlababid/Dropbox/_thesis/fourprobe.png> <C:/Users/mlababid/Dro
pbox/_thesis/resistance.png>] [8

]
Overfull \hbox (1.71877pt too wide) in paragraph at lines 324--326
\OT1/cmr/m/n/10.95 The quasi-par-ti-cle (quasi-hole) wave func-tion is $\OML/cm
m/m/it/10.95 u[]$ \OT1/cmr/m/n/10.95 ($\OML/cmm/m/it/10.95 v[]$\OT1/cmr/m/n/10.
95 ). Each elec-tron cre-ation/annihilation
 []

[9] <bcsplot.png, id=390, 674.52pt x 414.54875pt>
File: bcsplot.png Graphic file (type png)
 <use bcsplot.png>
Package pdftex.def Info: bcsplot.png used on input line 356.
(pdftex.def)             Requested size: 411.93767pt x 253.17166pt.
 [10]
[11 <C:/Users/mlababid/Dropbox/_thesis/bcsplot.png (PNG copy)>]pdfTeX warning (
ext4): destination with the same identifier (name{chapter.2}) has been already 
used, duplicate ignored
<to be read again> 
                   \relax 
l.366 ...etal to Topological Insulator Scattering}
                                                  
\hspace {2.225 in} \relax \fontsize {12}{14}\selectfont CHAPTER 2.

LaTeX Warning: Citation `fu07' on page 12 undefined on input line 375.


LaTeX Warning: Citation `moore' on page 12 undefined on input line 375.


LaTeX Warning: Citation `roy' on page 12 undefined on input line 375.


LaTeX Warning: Citation `Hsieh2008' on page 12 undefined on input line 375.


LaTeX Warning: Citation `Xia09' on page 12 undefined on input line 375.


LaTeX Warning: Citation `zhang2009' on page 12 undefined on input line 375.


LaTeX Warning: Citation `Chen09' on page 12 undefined on input line 375.


LaTeX Warning: Citation `Hsieh2009' on page 12 undefined on input line 375.


LaTeX Warning: Citation `burkov' on page 12 undefined on input line 376.


LaTeX Warning: Citation `today' on page 12 undefined on input line 378.


LaTeX Warning: Citation `rmp' on page 12 undefined on input line 378.


LaTeX Warning: Citation `Qi-zhang-rev' on page 12 undefined on input line 378.


LaTeX Warning: Citation `yokoyama09' on page 12 undefined on input line 380.


LaTeX Warning: Citation `heine65' on page 12 undefined on input line 380.


LaTeX Warning: Citation `cohen' on page 12 undefined on input line 380.


LaTeX Warning: Citation `tersoff' on page 12 undefined on input line 380.

[12

]

LaTeX Warning: Citation `mrs' on page 13 undefined on input line 385.


LaTeX Warning: Citation `stan' on page 13 undefined on input line 385.


LaTeX Warning: Citation `majorana' on page 13 undefined on input line 385.


LaTeX Warning: Citation `yokoyama09' on page 13 undefined on input line 387.


LaTeX Warning: Citation `zhang2009' on page 13 undefined on input line 403.

[13]

LaTeX Warning: Citation `zhang2009' on page 14 undefined on input line 408.


LaTeX Warning: Citation `zhang2009' on page 14 undefined on input line 409.


LaTeX Warning: Citation `Hsieh2009' on page 14 undefined on input line 413.


LaTeX Warning: Citation `Hsieh2009' on page 14 undefined on input line 413.


LaTeX Warning: Citation `gate' on page 14 undefined on input line 414.


LaTeX Warning: Citation `yokoyama09' on page 14 undefined on input line 430.

<geometry.pdf, id=412, 885.62582pt x 457.45143pt>
File: geometry.pdf Graphic file (type pdf)
 <use geometry.pdf>
Package pdftex.def Info: geometry.pdf used on input line 436.
(pdftex.def)             Requested size: 433.62pt x 223.97865pt.


LaTeX Warning: Citation `bc' on page 14 undefined on input line 447.


LaTeX Warning: Citation `duke' on page 14 undefined on input line 450.

[14]

LaTeX Warning: Citation `kohn59' on page 15 undefined on input line 462.


LaTeX Warning: Citation `blount62' on page 15 undefined on input line 462.


LaTeX Warning: Citation `heine63' on page 15 undefined on input line 463.

[15 <C:/Users/mlababid/Dropbox/_thesis/geometry.pdf>]
<f2.pdf, id=468, 321.2pt x 294.1349pt>
File: f2.pdf Graphic file (type pdf)
 <use f2.pdf>
Package pdftex.def Info: f2.pdf used on input line 473.
(pdftex.def)             Requested size: 195.12767pt x 178.69044pt.

<f4.pdf, id=469, 321.2pt x 294.76926pt>
File: f4.pdf Graphic file (type pdf)
 <use f4.pdf>
Package pdftex.def Info: f4.pdf used on input line 473.
(pdftex.def)             Requested size: 195.12767pt x 179.07584pt.


LaTeX Warning: Citation `heine65' on page 16 undefined on input line 479.


LaTeX Warning: Citation `heine65' on page 16 undefined on input line 479.


LaTeX Warning: Citation `chang82' on page 16 undefined on input line 486.


LaTeX Warning: Citation `qi_field' on page 16 undefined on input line 516.

[16 <C:/Users/mlababid/Dropbox/_thesis/f2.pdf> <C:/Users/mlababid/Dropbox/_thes
is/f4.pdf>]

LaTeX Warning: Citation `mott' on page 17 undefined on input line 529.

[17] [18]

LaTeX Warning: Citation `zhang2009' on page 19 undefined on input line 595.

<scatt.pdf, id=503, 301.125pt x 369.38pt>
File: scatt.pdf Graphic file (type pdf)
 <use scatt.pdf>
Package pdftex.def Info: scatt.pdf used on input line 604.
(pdftex.def)             Requested size: 433.62pt x 531.9575pt.


LaTeX Warning: Citation `qi_field' on page 19 undefined on input line 627.

[19] [20 <C:/Users/mlababid/Dropbox/_thesis/scatt.pdf>]
<j1.pdf, id=551, 542.025pt x 503.8825pt>
File: j1.pdf Graphic file (type pdf)
 <use j1.pdf>
Package pdftex.def Info: j1.pdf used on input line 638.
(pdftex.def)             Requested size: 195.12767pt x 181.39755pt.

<j2.pdf, id=552, 542.025pt x 503.8825pt>
File: j2.pdf Graphic file (type pdf)
 <use j2.pdf>
Package pdftex.def Info: j2.pdf used on input line 638.
(pdftex.def)             Requested size: 195.12767pt x 181.39755pt.
 [21 <C:/Users/mlababid/Dropbox/_thesis/j1.pdf> <C:/Users/mlababid/Dropbox/_the
sis/j2.pdf>]
<la1.pdf, id=573, 240.9pt x 223.84729pt>
File: la1.pdf Graphic file (type pdf)
 <use la1.pdf>
Package pdftex.def Info: la1.pdf used on input line 665.
(pdftex.def)             Requested size: 195.12767pt x 181.31873pt.

<la2.pdf, id=574, 240.9pt x 213.32397pt>
File: la2.pdf Graphic file (type pdf)
 <use la2.pdf>
Package pdftex.def Info: la2.pdf used on input line 665.
(pdftex.def)             Requested size: 195.12767pt x 172.79471pt.


LaTeX Warning: Citation `gf' on page 22 undefined on input line 676.


LaTeX Warning: Citation `gf' on page 22 undefined on input line 691.

[22 <C:/Users/mlababid/Dropbox/_thesis/la1.pdf> <C:/Users/mlababid/Dropbox/_the
sis/la2.pdf>] [23]

LaTeX Warning: Citation `yokoyama09' on page 24 undefined on input line 744.

[24]pdfTeX warning (ext4): destination with the same identifier (name{chapter.3
}) has been already used, duplicate ignored
<to be read again> 
                   \relax 
l.748 \chapter{Superconducting Proximity Effect}
                                                
\hspace {2.225 in} \relax \fontsize {12}{14}\selectfont CHAPTER 3.

LaTeX Warning: Citation `f-k' on page 25 undefined on input line 771.


LaTeX Warning: Citation `r-g' on page 25 undefined on input line 773.


LaTeX Warning: Citation `f-k' on page 25 undefined on input line 774.


LaTeX Warning: Citation `qi-zhang' on page 25 undefined on input line 777.

[25

]

LaTeX Warning: Citation `qi-zhang' on page 26 undefined on input line 789.


LaTeX Warning: Citation `rmp' on page 26 undefined on input line 789.


LaTeX Warning: Citation `f-k' on page 26 undefined on input line 796.


LaTeX Warning: Citation `roman' on page 26 undefined on input line 798.


LaTeX Warning: Citation `maryland' on page 26 undefined on input line 798.


LaTeX Warning: Citation `jason' on page 26 undefined on input line 798.


LaTeX Warning: Citation `mao1' on page 26 undefined on input line 798.


LaTeX Warning: Citation `mao2' on page 26 undefined on input line 798.


LaTeX Warning: Citation `yu' on page 26 undefined on input line 801.


LaTeX Warning: Citation `jacF' on page 26 undefined on input line 801.


LaTeX Warning: Citation `jacU' on page 26 undefined on input line 801.


LaTeX Warning: Citation `sca' on page 26 undefined on input line 804.


LaTeX Warning: Citation `march1' on page 26 undefined on input line 804.


LaTeX Warning: Citation `march2' on page 26 undefined on input line 804.


LaTeX Warning: Citation `stan' on page 26 undefined on input line 811.


LaTeX Warning: Citation `ann' on page 26 undefined on input line 822.

[26]

LaTeX Warning: Citation `cu1' on page 27 undefined on input line 843.


LaTeX Warning: Citation `cu2' on page 27 undefined on input line 843.


LaTeX Warning: Citation `ando' on page 27 undefined on input line 843.


LaTeX Warning: Citation `f-k' on page 27 undefined on input line 866.


LaTeX Warning: Citation `stan' on page 27 undefined on input line 868.

[27]

LaTeX Warning: Citation `zhang' on page 28 undefined on input line 883.


LaTeX Warning: Citation `zhang' on page 28 undefined on input line 896.


LaTeX Warning: Citation `band' on page 28 undefined on input line 896.


LaTeX Warning: Citation `zhang' on page 28 undefined on input line 899.


LaTeX Warning: Citation `zhang' on page 28 undefined on input line 900.


LaTeX Warning: Citation `zhao' on page 28 undefined on input line 906.

[28]

LaTeX Warning: Citation `cu2' on page 29 undefined on input line 912.


LaTeX Warning: Citation `gate' on page 29 undefined on input line 914.


LaTeX Warning: Command \l invalid in math mode on input line 925.


LaTeX Warning: Citation `cu1' on page 29 undefined on input line 938.


LaTeX Warning: Citation `cu2' on page 29 undefined on input line 938.


LaTeX Warning: Citation `ando' on page 29 undefined on input line 938.


LaTeX Warning: Citation `ando' on page 29 undefined on input line 941.


LaTeX Warning: Citation `cu2' on page 29 undefined on input line 942.

[29]
Package epstopdf Info: Source file: <setup.eps>
(epstopdf)                    date: 2011-01-14 13:15:18
(epstopdf)                    size: 28467 bytes
(epstopdf)             Output file: <setup-eps-converted-to.pdf>
(epstopdf)                    date: 2011-06-20 15:45:46
(epstopdf)                    size: 12331 bytes
(epstopdf)             Command: <epstopdf --outfile=setup-eps-converted-to.pdf 
setup.eps>
(epstopdf)             \includegraphics on input line 949.
Package epstopdf Info: Output file is already uptodate.
 <setup-eps-converted-to.pdf, id=642, 369.38pt x 194.7275pt>
File: setup-eps-converted-to.pdf Graphic file (type pdf)

<use setup-eps-converted-to.pdf>
Package pdftex.def Info: setup-eps-converted-to.pdf used on input line 949.
(pdftex.def)             Requested size: 433.62pt x 228.59386pt.
 [30 <C:/Users/mlababid/Dropbox/_thesis/setup-eps-converted-to.pdf>] [31] [32]

LaTeX Warning: Citation `h-v' on page 33 undefined on input line 1052.


LaTeX Warning: Citation `h-v' on page 33 undefined on input line 1059.

[33]

LaTeX Warning: Citation `s-v' on page 34 undefined on input line 1067.

[34]

LaTeX Warning: Citation `zhao' on page 35 undefined on input line 1107.


LaTeX Warning: Citation `h-v' on page 35 undefined on input line 1112.

[35] [36]
Package epstopdf Info: Source file: <delta-cu.eps>
(epstopdf)                    date: 2011-01-04 11:42:35
(epstopdf)                    size: 33187 bytes
(epstopdf)             Output file: <delta-cu-eps-converted-to.pdf>
(epstopdf)                    date: 2011-06-20 15:45:47
(epstopdf)                    size: 14060 bytes
(epstopdf)             Command: <epstopdf --outfile=delta-cu-eps-converted-to.p
df delta-cu.eps>
(epstopdf)             \includegraphics on input line 1151.
Package epstopdf Info: Output file is already uptodate.
 <delta-cu-eps-converted-to.pdf, id=713, 361.35pt x 252.945pt>
File: delta-cu-eps-converted-to.pdf Graphic file (type pdf)

<use delta-cu-eps-converted-to.pdf>
Package pdftex.def Info: delta-cu-eps-converted-to.pdf used on input line 1151.

(pdftex.def)             Requested size: 433.62pt x 303.53633pt.


LaTeX Warning: Citation `cu2' on page 37 undefined on input line 1160.


LaTeX Warning: Citation `h-v' on page 37 undefined on input line 1161.


LaTeX Warning: Citation `s-v' on page 37 undefined on input line 1172.

[37 <C:/Users/mlababid/Dropbox/_thesis/delta-cu-eps-converted-to.pdf>]
Package epstopdf Info: Source file: <dt.eps>
(epstopdf)                    date: 2010-12-10 16:11:54
(epstopdf)                    size: 23489 bytes
(epstopdf)             Output file: <dt-eps-converted-to.pdf>
(epstopdf)                    date: 2011-06-20 15:45:48
(epstopdf)                    size: 8722 bytes
(epstopdf)             Command: <epstopdf --outfile=dt-eps-converted-to.pdf dt.
eps>
(epstopdf)             \includegraphics on input line 1199.
Package epstopdf Info: Output file is already uptodate.

<dt-eps-converted-to.pdf, id=731, 361.35pt x 252.945pt>
File: dt-eps-converted-to.pdf Graphic file (type pdf)

<use dt-eps-converted-to.pdf>
Package pdftex.def Info: dt-eps-converted-to.pdf used on input line 1199.
(pdftex.def)             Requested size: 433.62pt x 303.53633pt.
Package epstopdf Info: Source file: <dtchemi.eps>
(epstopdf)                    date: 2010-12-12 12:28:15
(epstopdf)                    size: 27978 bytes
(epstopdf)             Output file: <dtchemi-eps-converted-to.pdf>
(epstopdf)                    date: 2011-06-20 15:45:49
(epstopdf)                    size: 11035 bytes
(epstopdf)             Command: <epstopdf --outfile=dtchemi-eps-converted-to.pd
f dtchemi.eps>
(epstopdf)             \includegraphics on input line 1210.
Package epstopdf Info: Output file is already uptodate.

<dtchemi-eps-converted-to.pdf, id=732, 361.35pt x 252.945pt>
File: dtchemi-eps-converted-to.pdf Graphic file (type pdf)

<use dtchemi-eps-converted-to.pdf>
Package pdftex.def Info: dtchemi-eps-converted-to.pdf used on input line 1210.
(pdftex.def)             Requested size: 433.62pt x 303.53633pt.


LaTeX Warning: Citation `toku' on page 38 undefined on input line 1218.


LaTeX Warning: Citation `toku' on page 38 undefined on input line 1223.


LaTeX Warning: Citation `zhao' on page 38 undefined on input line 1225.

[38] [39 <C:/Users/mlababid/Dropbox/_thesis/dt-eps-converted-to.pdf>] [40 <C:/U
sers/mlababid/Dropbox/_thesis/dtchemi-eps-converted-to.pdf>]

LaTeX Warning: Citation `f-k' on page 41 undefined on input line 1252.


LaTeX Warning: Command \r invalid in math mode on input line 1262.


LaTeX Warning: Command \r invalid in math mode on input line 1263.


LaTeX Warning: Citation `stan' on page 41 undefined on input line 1267.

Package epstopdf Info: Source file: <levels.eps>
(epstopdf)                    date: 2010-12-13 14:53:06
(epstopdf)                    size: 30030 bytes
(epstopdf)             Output file: <levels-eps-converted-to.pdf>
(epstopdf)                    date: 2011-06-20 15:45:50
(epstopdf)                    size: 18277 bytes
(epstopdf)             Command: <epstopdf --outfile=levels-eps-converted-to.pdf
 levels.eps>
(epstopdf)             \includegraphics on input line 1272.
Package epstopdf Info: Output file is already uptodate.
<levels-eps-converted-to.pdf, id=762, 361.35pt x 252.945pt>
File: levels-eps-converted-to.pdf Graphic file (type pdf)

<use levels-eps-converted-to.pdf>
Package pdftex.def Info: levels-eps-converted-to.pdf used on input line 1272.
(pdftex.def)             Requested size: 433.62pt x 303.53633pt.
 [41] [42 <C:/Users/mlababid/Dropbox/_thesis/levels-eps-converted-to.pdf>]
Package epstopdf Info: Source file: <disp-mu.eps>
(epstopdf)                    date: 2010-12-13 14:31:52
(epstopdf)                    size: 30222 bytes
(epstopdf)             Output file: <disp-mu-eps-converted-to.pdf>
(epstopdf)                    date: 2011-06-20 15:45:51
(epstopdf)                    size: 11722 bytes
(epstopdf)             Command: <epstopdf --outfile=disp-mu-eps-converted-to.pd
f disp-mu.eps>
(epstopdf)             \includegraphics on input line 1304.
Package epstopdf Info: Output file is already uptodate.

<disp-mu-eps-converted-to.pdf, id=782, 361.35pt x 252.945pt>
File: disp-mu-eps-converted-to.pdf Graphic file (type pdf)

<use disp-mu-eps-converted-to.pdf>
Package pdftex.def Info: disp-mu-eps-converted-to.pdf used on input line 1304.
(pdftex.def)             Requested size: 433.62pt x 303.53633pt.
Package epstopdf Info: Source file: <spweight.eps>
(epstopdf)                    date: 2010-12-19 16:37:40
(epstopdf)                    size: 27673 bytes
(epstopdf)             Output file: <spweight-eps-converted-to.pdf>
(epstopdf)                    date: 2011-06-20 15:45:52
(epstopdf)                    size: 17936 bytes
(epstopdf)             Command: <epstopdf --outfile=spweight-eps-converted-to.p
df spweight.eps>
(epstopdf)             \includegraphics on input line 1318.
Package epstopdf Info: Output file is already uptodate.

<spweight-eps-converted-to.pdf, id=785, 361.35pt x 252.945pt>
File: spweight-eps-converted-to.pdf Graphic file (type pdf)

<use spweight-eps-converted-to.pdf>
Package pdftex.def Info: spweight-eps-converted-to.pdf used on input line 1318.

(pdftex.def)             Requested size: 433.62pt x 303.53633pt.
 [43 <C:/Users/mlababid/Dropbox/_thesis/disp-mu-eps-converted-to.pdf>] [44 <C:/
Users/mlababid/Dropbox/_thesis/spweight-eps-converted-to.pdf>]
Package epstopdf Info: Source file: <dos.eps>
(epstopdf)                    date: 2011-03-30 13:25:01
(epstopdf)                    size: 21800 bytes
(epstopdf)             Output file: <dos-eps-converted-to.pdf>
(epstopdf)                    date: 2011-12-12 21:12:31
(epstopdf)                    size: 7577 bytes
(epstopdf)             Command: <epstopdf --outfile=dos-eps-converted-to.pdf do
s.eps>
(epstopdf)             \includegraphics on input line 1339.
Package epstopdf Info: Output file is already uptodate.
 <dos-eps-converted-to.pdf, id=810, 361.35pt x 252.945pt>
File: dos-eps-converted-to.pdf Graphic file (type pdf)

<use dos-eps-converted-to.pdf>
Package pdftex.def Info: dos-eps-converted-to.pdf used on input line 1339.
(pdftex.def)             Requested size: 433.62pt x 303.53633pt.
Package epstopdf Info: Source file: <spg27.eps>
(epstopdf)                    date: 2011-01-06 10:14:14
(epstopdf)                    size: 26553 bytes
(epstopdf)             Output file: <spg27-eps-converted-to.pdf>
(epstopdf)                    date: 2011-06-20 15:45:54
(epstopdf)                    size: 9378 bytes
(epstopdf)             Command: <epstopdf --outfile=spg27-eps-converted-to.pdf 
spg27.eps>
(epstopdf)             \includegraphics on input line 1352.
Package epstopdf Info: Output file is already uptodate.

<spg27-eps-converted-to.pdf, id=811, 361.35pt x 252.945pt>
File: spg27-eps-converted-to.pdf Graphic file (type pdf)

<use spg27-eps-converted-to.pdf>
Package pdftex.def Info: spg27-eps-converted-to.pdf used on input line 1352.
(pdftex.def)             Requested size: 433.62pt x 303.53633pt.


LaTeX Warning: Citation `esch' on page 45 undefined on input line 1363.


LaTeX Warning: Citation `tanaka' on page 45 undefined on input line 1363.


LaTeX Warning: Citation `zhao' on page 45 undefined on input line 1370.


LaTeX Warning: Citation `esch' on page 45 undefined on input line 1377.


LaTeX Warning: Citation `stan' on page 45 undefined on input line 1379.

[45 <C:/Users/mlababid/Dropbox/_thesis/dos-eps-converted-to.pdf>] [46 <C:/Users
/mlababid/Dropbox/_thesis/spg27-eps-converted-to.pdf>] [47]

LaTeX Warning: Citation `esch' on page 48 undefined on input line 1402.


LaTeX Warning: Citation `tanaka' on page 48 undefined on input line 1402.


LaTeX Warning: Citation `trip' on page 48 undefined on input line 1402.

Package epstopdf Info: Source file: <pwave.eps>
(epstopdf)                    date: 2011-01-06 12:24:14
(epstopdf)                    size: 42269 bytes
(epstopdf)             Output file: <pwave-eps-converted-to.pdf>
(epstopdf)                    date: 2011-06-20 15:45:55
(epstopdf)                    size: 20144 bytes
(epstopdf)             Command: <epstopdf --outfile=pwave-eps-converted-to.pdf 
pwave.eps>
(epstopdf)             \includegraphics on input line 1409.
Package epstopdf Info: Output file is already uptodate.
<pwave-eps-converted-to.pdf, id=841, 361.35pt x 252.945pt>
File: pwave-eps-converted-to.pdf Graphic file (type pdf)

<use pwave-eps-converted-to.pdf>
Package pdftex.def Info: pwave-eps-converted-to.pdf used on input line 1409.
(pdftex.def)             Requested size: 433.62pt x 303.53633pt.
 [48 <C:/Users/mlababid/Dropbox/_thesis/pwave-eps-converted-to.pdf>]
Package epstopdf Info: Source file: <pw-cu.eps>
(epstopdf)                    date: 2011-01-07 18:03:13
(epstopdf)                    size: 24609 bytes
(epstopdf)             Output file: <pw-cu-eps-converted-to.pdf>
(epstopdf)                    date: 2011-06-20 15:45:56
(epstopdf)                    size: 9483 bytes
(epstopdf)             Command: <epstopdf --outfile=pw-cu-eps-converted-to.pdf 
pw-cu.eps>
(epstopdf)             \includegraphics on input line 1436.
Package epstopdf Info: Output file is already uptodate.

<pw-cu-eps-converted-to.pdf, id=857, 361.35pt x 252.945pt>
File: pw-cu-eps-converted-to.pdf Graphic file (type pdf)

<use pw-cu-eps-converted-to.pdf>
Package pdftex.def Info: pw-cu-eps-converted-to.pdf used on input line 1436.
(pdftex.def)             Requested size: 433.62pt x 303.53633pt.


LaTeX Warning: Citation `f-k' on page 49 undefined on input line 1455.


LaTeX Warning: Citation `stan' on page 49 undefined on input line 1455.

[49 <C:/Users/mlababid/Dropbox/_thesis/pw-cu-eps-converted-to.pdf>]

LaTeX Warning: Citation `roman' on page 50 undefined on input line 1472.


LaTeX Warning: Citation `maryland' on page 50 undefined on input line 1472.


LaTeX Warning: Citation `jason' on page 50 undefined on input line 1472.


LaTeX Warning: Citation `mao1' on page 50 undefined on input line 1472.


LaTeX Warning: Citation `mao2' on page 50 undefined on input line 1472.

[50]
\hspace {2.225 in} \relax \fontsize {12}{14}\selectfont CHAPTER 4.

LaTeX Warning: Citation `hasan_colloquium:_2010' on page 51 undefined on input 
line 1488.


LaTeX Warning: Citation `qi_topological_2011' on page 51 undefined on input lin
e 1488.


LaTeX Warning: Citation `Katsnelson:2006fk' on page 51 undefined on input line 
1489.


LaTeX Warning: Citation `hasan_colloquium:_2010' on page 51 undefined on input 
line 1491.


LaTeX Warning: Citation `qi_topological_2011' on page 51 undefined on input lin
e 1491.


LaTeX Warning: Citation `fu_superconducting_2008' on page 51 undefined on input
 line 1494.


LaTeX Warning: Citation `fu_superconducting_2008' on page 51 undefined on input
 line 1496.


LaTeX Warning: Citation `williams_unconventional_2012' on page 51 undefined on 
input line 1497.


LaTeX Warning: Citation `moore_extraordinary_2012' on page 51 undefined on inpu
t line 1497.

[51

]

LaTeX Warning: Citation `fu_superconducting_2008' on page 52 undefined on input
 line 1509.

<fig1.pdf, id=879, 819.32478pt x 449.30711pt>
File: fig1.pdf Graphic file (type pdf)
 <use fig1.pdf>
Package pdftex.def Info: fig1.pdf used on input line 1526.
(pdftex.def)             Requested size: 433.62pt x 237.78883pt.


LaTeX Warning: Citation `PhysRevLett.97.067007' on page 52 undefined on input l
ine 1540.


LaTeX Warning: Citation `RevModPhys.80.1337' on page 52 undefined on input line
 1540.


LaTeX Warning: Citation `fu_superconducting_2008' on page 52 undefined on input
 line 1543.

[52] [53 <C:/Users/mlababid/Dropbox/_thesis/fig1.pdf>]

LaTeX Warning: Citation `footnote1' on page 54 undefined on input line 1571.


Overfull \hbox (12.20247pt too wide) in paragraph at lines 1568--1579
[]\OT1/cmr/m/n/10.95 To un-am-bigu-ously es-tab-lish this claim, we solve the d
if-fer-en-tial equa-tion $\OMS/cmsy/m/n/10.95 H\OT1/cmr/m/n/10.95 (\OML/cmm/m/i
t/10.95 x; k[]\OT1/cmr/m/n/10.95 )\OML/cmm/m/it/10.95  \OT1/cmr/m/n/10.95 (\OML
/cmm/m/it/10.95 x; k[]\OT1/cmr/m/n/10.95 ) =$
 []

[54]

LaTeX Warning: Citation `halterman_characteristic_2011' on page 55 undefined on
 input line 1586.


LaTeX Warning: Citation `PhysRevB.83.184511' on page 55 undefined on input line
 1586.


LaTeX Warning: Citation `fu_superconducting_2008' on page 55 undefined on input
 line 1600.


LaTeX Warning: No positions in optional float specifier.
               Default added (so using `tbp') on input line 1603.

<fig2.pdf, id=966, 514.89232pt x 648.0203pt>
File: fig2.pdf Graphic file (type pdf)
 <use fig2.pdf>
Package pdftex.def Info: fig2.pdf used on input line 1604.
(pdftex.def)             Requested size: 433.62pt x 545.74733pt.
 [55] [56 <C:/Users/mlababid/Dropbox/_thesis/fig2.pdf>]

LaTeX Warning: Citation `flat-N' on page 57 undefined on input line 1649.

[57]

LaTeX Warning: Citation `footnote2' on page 58 undefined on input line 1663.

<fig3.pdf, id=1020, 373.9331pt x 345.54565pt>
File: fig3.pdf Graphic file (type pdf)
 <use fig3.pdf>
Package pdftex.def Info: fig3.pdf used on input line 1668.
(pdftex.def)             Requested size: 433.62pt x 400.72777pt.


LaTeX Warning: `h' float specifier changed to `ht'.


Package hyperref Warning: Token not allowed in a PDF string (PDFDocEncoding):
(hyperref)                removing `math shift' on input line 1676.


Package hyperref Warning: Token not allowed in a PDF string (PDFDocEncoding):
(hyperref)                removing `\pi' on input line 1676.


Package hyperref Warning: Token not allowed in a PDF string (PDFDocEncoding):
(hyperref)                removing `math shift' on input line 1676.


LaTeX Warning: Citation `LO' on page 58 undefined on input line 1688.

<fig4.pdf, id=1023, 586.3507pt x 545.23769pt>
File: fig4.pdf Graphic file (type pdf)
 <use fig4.pdf>
Package pdftex.def Info: fig4.pdf used on input line 1699.
(pdftex.def)             Requested size: 433.62pt x 403.21165pt.
 [58]

LaTeX Warning: `h' float specifier changed to `ht'.


LaTeX Warning: Citation `heikkila_flat_2011' on page 59 undefined on input line
 1732.


LaTeX Warning: Citation `hsieh_majorana_2012' on page 59 undefined on input lin
e 1734.


LaTeX Warning: Citation `PhysRevB.84.020501' on page 59 undefined on input line
 1735.


LaTeX Warning: Citation `schnyder_topological_2011' on page 59 undefined on inp
ut line 1735.


LaTeX Warning: Citation `hsieh_majorana_2012' on page 59 undefined on input lin
e 1739.

[59]

LaTeX Warning: Citation `SacACpAC:2011vn' on page 60 undefined on input line 17
51.


LaTeX Warning: Citation `PhysRevB.84.165120' on page 60 undefined on input line
 1751.


LaTeX Warning: Citation `Veldhorst:2012uq' on page 60 undefined on input line 1
751.


LaTeX Warning: Citation `Qu:2012kx' on page 60 undefined on input line 1751.


LaTeX Warning: Citation `2012arXiv1202.2323W' on page 60 undefined on input lin
e 1751.


LaTeX Warning: Citation `SacACpAC:2011vn' on page 60 undefined on input line 17
53.


LaTeX Warning: Citation `2011arXiv1112.5858V' on page 60 undefined on input lin
e 1754.


LaTeX Warning: Citation `Qu:2012kx' on page 60 undefined on input line 1754.


LaTeX Warning: Citation `PhysRevLett.90.087003' on page 60 undefined on input l
ine 1759.

(C:\Users\mlababid\Dropbox\_thesis\GMU_dissertation.bbl [60] [61 <C:/Users/mlab
abid/Dropbox/_thesis/fig3.pdf>] [62 <C:/Users/mlababid/Dropbox/_thesis/fig4.pdf
>]
Appendix A.
[63

]

LaTeX Warning: Empty `thebibliography' environment on input line 3.

)

======================== Attention ===============================

The signature lines are different for each College/School of
George Mason University.

The current signature page is set according to the requirements
of College of Sciences. Students of other colleges/schools may 
need to manipulate the "signaturepage" section of the 
gmudissertation.sty file in order for the signature page to be 
formatted correctly.

==================================================================

Package atveryend Info: Empty hook `BeforeClearDocument' on input line 2061.
[64]
Package atveryend Info: Empty hook `AfterLastShipout' on input line 2061.
 (C:\Users\mlababid\Dropbox\_thesis\GMU_dissertation.aux
(C:\Users\mlababid\Dropbox\_thesis\symbols.aux))
Package atveryend Info: Executing hook `AtVeryEndDocument' on input line 2061.
Package atveryend Info: Executing hook `AtEndAfterFileList' on input line 2061.

Package rerunfilecheck Info: File `GMU_dissertation.out' has not changed.
(rerunfilecheck)             Checksum: 10C601E2A32229B86A9BC4ECCB2D8AF5;1948.


LaTeX Warning: There were undefined references.

Package atveryend Info: Empty hook `AtVeryVeryEnd' on input line 2061.
 ) 
Here is how much of TeX's memory you used:
 6939 strings out of 493921
 99760 string characters out of 3144868
 190849 words of memory out of 3000000
 9881 multiletter control sequences out of 15000+200000
 16629 words of font info for 65 fonts, out of 3000000 for 9000
 841 hyphenation exceptions out of 8191
 42i,12n,31p,1600b,372s stack positions out of 5000i,500n,10000p,200000b,50000s
<C:/Program Files (x86)/MiKTeX 2.9/fonts/type1/public/amsfonts/cm/cmbx10.pfb>
<C:/Program Files (x86)/MiKTeX 2.9/fonts/type1/public/amsfonts/cm/cmbx12.pfb><C
:/Program Files (x86)/MiKTeX 2.9/fonts/type1/public/amsfonts/cm/cmbx8.pfb><C:/P
rogram Files (x86)/MiKTeX 2.9/fonts/type1/public/amsfonts/cm/cmex10.pfb><C:/Pro
gram Files (x86)/MiKTeX 2.9/fonts/type1/public/amsfonts/cm/cmmi10.pfb><C:/Progr
am Files (x86)/MiKTeX 2.9/fonts/type1/public/amsfonts/cm/cmmi12.pfb><C:/Program
 Files (x86)/MiKTeX 2.9/fonts/type1/public/amsfonts/cm/cmmi6.pfb><C:/Program Fi
les (x86)/MiKTeX 2.9/fonts/type1/public/amsfonts/cm/cmmi8.pfb><C:/Program Files
 (x86)/MiKTeX 2.9/fonts/type1/public/amsfonts/cm/cmmib10.pfb><C:/Program Files 
(x86)/MiKTeX 2.9/fonts/type1/public/amsfonts/cm/cmr10.pfb><C:/Program Files (x8
6)/MiKTeX 2.9/fonts/type1/public/amsfonts/cm/cmr6.pfb><C:/Program Files (x86)/M
iKTeX 2.9/fonts/type1/public/amsfonts/cm/cmr8.pfb><C:/Program Files (x86)/MiKTe
X 2.9/fonts/type1/public/amsfonts/cm/cmsy10.pfb><C:/Program Files (x86)/MiKTeX 
2.9/fonts/type1/public/amsfonts/cm/cmsy6.pfb><C:/Program Files (x86)/MiKTeX 2.9
/fonts/type1/public/amsfonts/cm/cmsy8.pfb><C:/Program Files (x86)/MiKTeX 2.9/fo
nts/type1/public/amsfonts/cm/cmti10.pfb><C:/Program Files (x86)/MiKTeX 2.9/font
s/type1/public/amsfonts/symbols/msbm10.pfb><C:/Program Files (x86)/MiKTeX 2.9/f
onts/type1/hoekwater/rsfs/rsfs10.pfb>
Output written on GMU_dissertation.pdf (77 pages, 2663994 bytes).
PDF statistics:
 1293 PDF objects out of 1440 (max. 8388607)
 193 named destinations out of 1000 (max. 500000)
 368 words of extra memory for PDF output out of 10000 (max. 10000000)

