This is pdfTeX, Version 3.1415926-1.40.10 (MiKTeX 2.8) (preloaded format=pdflatex 2011.1.10)  30 NOV 2011 23:34
entering extended mode
**C:/Users/mla/Documents/My*Dropbox/_Proposal/proposal.tex
("C:/Users/mla/Documents/My Dropbox/_Proposal/proposal.tex"
LaTeX2e <2009/09/24>
Babel <v3.8l> and hyphenation patterns for english, dumylang, nohyphenation, ge
rman, ngerman, german-x-2009-06-19, ngerman-x-2009-06-19, french, loaded.
("C:\Program Files (x86)\MiKTeX 2.8\tex\latex\base\article.cls"
Document Class: article 2007/10/19 v1.4h Standard LaTeX document class
("C:\Program Files (x86)\MiKTeX 2.8\tex\latex\base\size12.clo"
File: size12.clo 2007/10/19 v1.4h Standard LaTeX file (size option)
)
\c@part=\count79
\c@section=\count80
\c@subsection=\count81
\c@subsubsection=\count82
\c@paragraph=\count83
\c@subparagraph=\count84
\c@figure=\count85
\c@table=\count86
\abovecaptionskip=\skip41
\belowcaptionskip=\skip42
\bibindent=\dimen102
)
("C:\Program Files (x86)\MiKTeX 2.8\tex\latex\base\inputenc.sty"
Package: inputenc 2008/03/30 v1.1d Input encoding file
\inpenc@prehook=\toks14
\inpenc@posthook=\toks15

("C:\Program Files (x86)\MiKTeX 2.8\tex\latex\base\utf8.def"
File: utf8.def 2008/04/05 v1.1m UTF-8 support for inputenc
Now handling font encoding OML ...
... no UTF-8 mapping file for font encoding OML
Now handling font encoding T1 ...
... processing UTF-8 mapping file for font encoding T1

("C:\Program Files (x86)\MiKTeX 2.8\tex\latex\base\t1enc.dfu"
File: t1enc.dfu 2008/04/05 v1.1m UTF-8 support for inputenc
   defining Unicode char U+00A1 (decimal 161)
   defining Unicode char U+00A3 (decimal 163)
   defining Unicode char U+00AB (decimal 171)
   defining Unicode char U+00BB (decimal 187)
   defining Unicode char U+00BF (decimal 191)
   defining Unicode char U+00C0 (decimal 192)
   defining Unicode char U+00C1 (decimal 193)
   defining Unicode char U+00C2 (decimal 194)
   defining Unicode char U+00C3 (decimal 195)
   defining Unicode char U+00C4 (decimal 196)
   defining Unicode char U+00C5 (decimal 197)
   defining Unicode char U+00C6 (decimal 198)
   defining Unicode char U+00C7 (decimal 199)
   defining Unicode char U+00C8 (decimal 200)
   defining Unicode char U+00C9 (decimal 201)
   defining Unicode char U+00CA (decimal 202)
   defining Unicode char U+00CB (decimal 203)
   defining Unicode char U+00CC (decimal 204)
   defining Unicode char U+00CD (decimal 205)
   defining Unicode char U+00CE (decimal 206)
   defining Unicode char U+00CF (decimal 207)
   defining Unicode char U+00D0 (decimal 208)
   defining Unicode char U+00D1 (decimal 209)
   defining Unicode char U+00D2 (decimal 210)
   defining Unicode char U+00D3 (decimal 211)
   defining Unicode char U+00D4 (decimal 212)
   defining Unicode char U+00D5 (decimal 213)
   defining Unicode char U+00D6 (decimal 214)
   defining Unicode char U+00D8 (decimal 216)
   defining Unicode char U+00D9 (decimal 217)
   defining Unicode char U+00DA (decimal 218)
   defining Unicode char U+00DB (decimal 219)
   defining Unicode char U+00DC (decimal 220)
   defining Unicode char U+00DD (decimal 221)
   defining Unicode char U+00DE (decimal 222)
   defining Unicode char U+00DF (decimal 223)
   defining Unicode char U+00E0 (decimal 224)
   defining Unicode char U+00E1 (decimal 225)
   defining Unicode char U+00E2 (decimal 226)
   defining Unicode char U+00E3 (decimal 227)
   defining Unicode char U+00E4 (decimal 228)
   defining Unicode char U+00E5 (decimal 229)
   defining Unicode char U+00E6 (decimal 230)
   defining Unicode char U+00E7 (decimal 231)
   defining Unicode char U+00E8 (decimal 232)
   defining Unicode char U+00E9 (decimal 233)
   defining Unicode char U+00EA (decimal 234)
   defining Unicode char U+00EB (decimal 235)
   defining Unicode char U+00EC (decimal 236)
   defining Unicode char U+00ED (decimal 237)
   defining Unicode char U+00EE (decimal 238)
   defining Unicode char U+00EF (decimal 239)
   defining Unicode char U+00F0 (decimal 240)
   defining Unicode char U+00F1 (decimal 241)
   defining Unicode char U+00F2 (decimal 242)
   defining Unicode char U+00F3 (decimal 243)
   defining Unicode char U+00F4 (decimal 244)
   defining Unicode char U+00F5 (decimal 245)
   defining Unicode char U+00F6 (decimal 246)
   defining Unicode char U+00F8 (decimal 248)
   defining Unicode char U+00F9 (decimal 249)
   defining Unicode char U+00FA (decimal 250)
   defining Unicode char U+00FB (decimal 251)
   defining Unicode char U+00FC (decimal 252)
   defining Unicode char U+00FD (decimal 253)
   defining Unicode char U+00FE (decimal 254)
   defining Unicode char U+00FF (decimal 255)
   defining Unicode char U+0102 (decimal 258)
   defining Unicode char U+0103 (decimal 259)
   defining Unicode char U+0104 (decimal 260)
   defining Unicode char U+0105 (decimal 261)
   defining Unicode char U+0106 (decimal 262)
   defining Unicode char U+0107 (decimal 263)
   defining Unicode char U+010C (decimal 268)
   defining Unicode char U+010D (decimal 269)
   defining Unicode char U+010E (decimal 270)
   defining Unicode char U+010F (decimal 271)
   defining Unicode char U+0110 (decimal 272)
   defining Unicode char U+0111 (decimal 273)
   defining Unicode char U+0118 (decimal 280)
   defining Unicode char U+0119 (decimal 281)
   defining Unicode char U+011A (decimal 282)
   defining Unicode char U+011B (decimal 283)
   defining Unicode char U+011E (decimal 286)
   defining Unicode char U+011F (decimal 287)
   defining Unicode char U+0130 (decimal 304)
   defining Unicode char U+0131 (decimal 305)
   defining Unicode char U+0132 (decimal 306)
   defining Unicode char U+0133 (decimal 307)
   defining Unicode char U+0139 (decimal 313)
   defining Unicode char U+013A (decimal 314)
   defining Unicode char U+013D (decimal 317)
   defining Unicode char U+013E (decimal 318)
   defining Unicode char U+0141 (decimal 321)
   defining Unicode char U+0142 (decimal 322)
   defining Unicode char U+0143 (decimal 323)
   defining Unicode char U+0144 (decimal 324)
   defining Unicode char U+0147 (decimal 327)
   defining Unicode char U+0148 (decimal 328)
   defining Unicode char U+014A (decimal 330)
   defining Unicode char U+014B (decimal 331)
   defining Unicode char U+0150 (decimal 336)
   defining Unicode char U+0151 (decimal 337)
   defining Unicode char U+0152 (decimal 338)
   defining Unicode char U+0153 (decimal 339)
   defining Unicode char U+0154 (decimal 340)
   defining Unicode char U+0155 (decimal 341)
   defining Unicode char U+0158 (decimal 344)
   defining Unicode char U+0159 (decimal 345)
   defining Unicode char U+015A (decimal 346)
   defining Unicode char U+015B (decimal 347)
   defining Unicode char U+015E (decimal 350)
   defining Unicode char U+015F (decimal 351)
   defining Unicode char U+0160 (decimal 352)
   defining Unicode char U+0161 (decimal 353)
   defining Unicode char U+0162 (decimal 354)
   defining Unicode char U+0163 (decimal 355)
   defining Unicode char U+0164 (decimal 356)
   defining Unicode char U+0165 (decimal 357)
   defining Unicode char U+016E (decimal 366)
   defining Unicode char U+016F (decimal 367)
   defining Unicode char U+0170 (decimal 368)
   defining Unicode char U+0171 (decimal 369)
   defining Unicode char U+0178 (decimal 376)
   defining Unicode char U+0179 (decimal 377)
   defining Unicode char U+017A (decimal 378)
   defining Unicode char U+017B (decimal 379)
   defining Unicode char U+017C (decimal 380)
   defining Unicode char U+017D (decimal 381)
   defining Unicode char U+017E (decimal 382)
   defining Unicode char U+200C (decimal 8204)
   defining Unicode char U+2013 (decimal 8211)
   defining Unicode char U+2014 (decimal 8212)
   defining Unicode char U+2018 (decimal 8216)
   defining Unicode char U+2019 (decimal 8217)
   defining Unicode char U+201A (decimal 8218)
   defining Unicode char U+201C (decimal 8220)
   defining Unicode char U+201D (decimal 8221)
   defining Unicode char U+201E (decimal 8222)
   defining Unicode char U+2030 (decimal 8240)
   defining Unicode char U+2031 (decimal 8241)
   defining Unicode char U+2039 (decimal 8249)
   defining Unicode char U+203A (decimal 8250)
   defining Unicode char U+2423 (decimal 9251)
)
Now handling font encoding OT1 ...
... processing UTF-8 mapping file for font encoding OT1

("C:\Program Files (x86)\MiKTeX 2.8\tex\latex\base\ot1enc.dfu"
File: ot1enc.dfu 2008/04/05 v1.1m UTF-8 support for inputenc
   defining Unicode char U+00A1 (decimal 161)
   defining Unicode char U+00A3 (decimal 163)
   defining Unicode char U+00B8 (decimal 184)
   defining Unicode char U+00BF (decimal 191)
   defining Unicode char U+00C5 (decimal 197)
   defining Unicode char U+00C6 (decimal 198)
   defining Unicode char U+00D8 (decimal 216)
   defining Unicode char U+00DF (decimal 223)
   defining Unicode char U+00E6 (decimal 230)
   defining Unicode char U+00EC (decimal 236)
   defining Unicode char U+00ED (decimal 237)
   defining Unicode char U+00EE (decimal 238)
   defining Unicode char U+00EF (decimal 239)
   defining Unicode char U+00F8 (decimal 248)
   defining Unicode char U+0131 (decimal 305)
   defining Unicode char U+0141 (decimal 321)
   defining Unicode char U+0142 (decimal 322)
   defining Unicode char U+0152 (decimal 338)
   defining Unicode char U+0153 (decimal 339)
   defining Unicode char U+2013 (decimal 8211)
   defining Unicode char U+2014 (decimal 8212)
   defining Unicode char U+2018 (decimal 8216)
   defining Unicode char U+2019 (decimal 8217)
   defining Unicode char U+201C (decimal 8220)
   defining Unicode char U+201D (decimal 8221)
)
Now handling font encoding OMS ...
... processing UTF-8 mapping file for font encoding OMS

("C:\Program Files (x86)\MiKTeX 2.8\tex\latex\base\omsenc.dfu"
File: omsenc.dfu 2008/04/05 v1.1m UTF-8 support for inputenc
   defining Unicode char U+00A7 (decimal 167)
   defining Unicode char U+00B6 (decimal 182)
   defining Unicode char U+00B7 (decimal 183)
   defining Unicode char U+2020 (decimal 8224)
   defining Unicode char U+2021 (decimal 8225)
   defining Unicode char U+2022 (decimal 8226)
)
Now handling font encoding OMX ...
... no UTF-8 mapping file for font encoding OMX
Now handling font encoding U ...
... no UTF-8 mapping file for font encoding U
   defining Unicode char U+00A9 (decimal 169)
   defining Unicode char U+00AA (decimal 170)
   defining Unicode char U+00AE (decimal 174)
   defining Unicode char U+00BA (decimal 186)
   defining Unicode char U+02C6 (decimal 710)
   defining Unicode char U+02DC (decimal 732)
   defining Unicode char U+200C (decimal 8204)
   defining Unicode char U+2026 (decimal 8230)
   defining Unicode char U+2122 (decimal 8482)
   defining Unicode char U+2423 (decimal 9251)
))
("C:\Program Files (x86)\MiKTeX 2.8\tex\latex\geometry\geometry.sty"
Package: geometry 2008/12/21 v4.2 Page Geometry

("C:\Program Files (x86)\MiKTeX 2.8\tex\latex\graphics\keyval.sty"
Package: keyval 1999/03/16 v1.13 key=value parser (DPC)
\KV@toks@=\toks16
)
("C:\Program Files (x86)\MiKTeX 2.8\tex\generic\oberdiek\ifpdf.sty"
Package: ifpdf 2009/04/10 v2.0 Provides the ifpdf switch (HO)
Package ifpdf Info: pdfTeX in pdf mode detected.
)
("C:\Program Files (x86)\MiKTeX 2.8\tex\generic\oberdiek\ifvtex.sty"
Package: ifvtex 2008/11/04 v1.4 Switches for detecting VTeX and its modes (HO)
Package ifvtex Info: VTeX not detected.
)
\Gm@cnth=\count87
\Gm@cntv=\count88
\c@Gm@tempcnt=\count89
\Gm@bindingoffset=\dimen103
\Gm@wd@mp=\dimen104
\Gm@odd@mp=\dimen105
\Gm@even@mp=\dimen106
\Gm@dimlist=\toks17

("C:\Program Files (x86)\MiKTeX 2.8\tex\latex\geometry\geometry.cfg"))
("C:\Program Files (x86)\MiKTeX 2.8\tex\latex\graphics\graphicx.sty"
Package: graphicx 1999/02/16 v1.0f Enhanced LaTeX Graphics (DPC,SPQR)

("C:\Program Files (x86)\MiKTeX 2.8\tex\latex\graphics\graphics.sty"
Package: graphics 2009/02/05 v1.0o Standard LaTeX Graphics (DPC,SPQR)

("C:\Program Files (x86)\MiKTeX 2.8\tex\latex\graphics\trig.sty"
Package: trig 1999/03/16 v1.09 sin cos tan (DPC)
)
("C:\Program Files (x86)\MiKTeX 2.8\tex\latex\00miktex\graphics.cfg"
File: graphics.cfg 2007/01/18 v1.5 graphics configuration of teTeX/TeXLive
)
Package graphics Info: Driver file: pdftex.def on input line 91.

("C:\Program Files (x86)\MiKTeX 2.8\tex\latex\pdftex-def\pdftex.def"
File: pdftex.def 2009/08/25 v0.04m Graphics/color for pdfTeX
\Gread@gobject=\count90
))
\Gin@req@height=\dimen107
\Gin@req@width=\dimen108
)
("C:\Program Files (x86)\MiKTeX 2.8\tex\latex\oberdiek\epstopdf.sty"
Package: epstopdf 2009/10/17 v2.4 Conversion with epstopdf on the fly (HO)

("C:\Program Files (x86)\MiKTeX 2.8\tex\latex\oberdiek\epstopdf-base.sty"
Package: epstopdf-base 2009/10/17 v2.4 Base part for package epstopdf

("C:\Program Files (x86)\MiKTeX 2.8\tex\generic\oberdiek\infwarerr.sty"
Package: infwarerr 2007/09/09 v1.2 Providing info/warning/message (HO)
)
("C:\Program Files (x86)\MiKTeX 2.8\tex\latex\oberdiek\grfext.sty"
Package: grfext 2007/09/30 v1.0 Managing graphics extensions (HO)
)
("C:\Program Files (x86)\MiKTeX 2.8\tex\latex\oberdiek\kvoptions.sty"
Package: kvoptions 2009/08/13 v3.4 Keyval support for LaTeX options (HO)

("C:\Program Files (x86)\MiKTeX 2.8\tex\generic\oberdiek\kvsetkeys.sty"
Package: kvsetkeys 2009/07/30 v1.5 Key value parser with default handler suppor
t (HO)

("C:\Program Files (x86)\MiKTeX 2.8\tex\generic\oberdiek\etexcmds.sty"
Package: etexcmds 2007/12/12 v1.2 Prefix for e-TeX command names (HO)
Package etexcmds Info: Could not find \expanded.
(etexcmds)             That can mean that you are not using pdfTeX 1.50 or
(etexcmds)             that some package has redefined \expanded.
(etexcmds)             In the latter case, load this package earlier.
)))
("C:\Program Files (x86)\MiKTeX 2.8\tex\generic\oberdiek\pdftexcmds.sty"
Package: pdftexcmds 2009/09/23 v0.6 LuaTeX support for pdfTeX utility functions
 (HO)

("C:\Program Files (x86)\MiKTeX 2.8\tex\generic\oberdiek\ifluatex.sty"
Package: ifluatex 2009/04/17 v1.2 Provides the ifluatex switch (HO)
Package ifluatex Info: LuaTeX not detected.
)
("C:\Program Files (x86)\MiKTeX 2.8\tex\generic\oberdiek\ltxcmds.sty"
Package: ltxcmds 2009/08/05 v1.0 Some LaTeX kernel commands for general use (HO
)
)
Package pdftexcmds Info: LuaTeX not detected.
Package pdftexcmds Info: \pdf@primitive is available.
Package pdftexcmds Info: \pdf@ifprimitive is available.
)
Package grfext Info: Graphics extension search list:
(grfext)             [.png,.pdf,.jpg,.mps,.jpeg,.jbig2,.jb2,.PNG,.PDF,.JPG,.JPE
G,.JBIG2,.JB2,.eps]
(grfext)             \AppendGraphicsExtensions on input line 433.
))
("C:\Program Files (x86)\MiKTeX 2.8\tex\latex\amsfonts\amsfonts.sty"
Package: amsfonts 2009/06/22 v3.00 Basic AMSFonts support
\@emptytoks=\toks18
\symAMSa=\mathgroup4
\symAMSb=\mathgroup5
LaTeX Font Info:    Overwriting math alphabet `\mathfrak' in version `bold'
(Font)                  U/euf/m/n --> U/euf/b/n on input line 96.
)
("C:\Program Files (x86)\MiKTeX 2.8\tex\latex\amsfonts\amssymb.sty"
Package: amssymb 2009/06/22 v3.00
)
("C:\Program Files (x86)\MiKTeX 2.8\tex\latex\ams\math\amsmath.sty"
Package: amsmath 2000/07/18 v2.13 AMS math features
\@mathmargin=\skip43

For additional information on amsmath, use the `?' option.
("C:\Program Files (x86)\MiKTeX 2.8\tex\latex\ams\math\amstext.sty"
Package: amstext 2000/06/29 v2.01

("C:\Program Files (x86)\MiKTeX 2.8\tex\latex\ams\math\amsgen.sty"
File: amsgen.sty 1999/11/30 v2.0
\@emptytoks=\toks19
\ex@=\dimen109
))
("C:\Program Files (x86)\MiKTeX 2.8\tex\latex\ams\math\amsbsy.sty"
Package: amsbsy 1999/11/29 v1.2d
\pmbraise@=\dimen110
)
("C:\Program Files (x86)\MiKTeX 2.8\tex\latex\ams\math\amsopn.sty"
Package: amsopn 1999/12/14 v2.01 operator names
)
\inf@bad=\count91
LaTeX Info: Redefining \frac on input line 211.
\uproot@=\count92
\leftroot@=\count93
LaTeX Info: Redefining \overline on input line 307.
\classnum@=\count94
\DOTSCASE@=\count95
LaTeX Info: Redefining \ldots on input line 379.
LaTeX Info: Redefining \dots on input line 382.
LaTeX Info: Redefining \cdots on input line 467.
\Mathstrutbox@=\box26
\strutbox@=\box27
\big@size=\dimen111
LaTeX Font Info:    Redeclaring font encoding OML on input line 567.
LaTeX Font Info:    Redeclaring font encoding OMS on input line 568.
\macc@depth=\count96
\c@MaxMatrixCols=\count97
\dotsspace@=\muskip10
\c@parentequation=\count98
\dspbrk@lvl=\count99
\tag@help=\toks20
\row@=\count100
\column@=\count101
\maxfields@=\count102
\andhelp@=\toks21
\eqnshift@=\dimen112
\alignsep@=\dimen113
\tagshift@=\dimen114
\tagwidth@=\dimen115
\totwidth@=\dimen116
\lineht@=\dimen117
\@envbody=\toks22
\multlinegap=\skip44
\multlinetaggap=\skip45
\mathdisplay@stack=\toks23
LaTeX Info: Redefining \[ on input line 2666.
LaTeX Info: Redefining \] on input line 2667.
)
("C:\Users\mla\Documents\My Dropbox\_Proposal\proposal.aux"

LaTeX Warning: Label `setup' multiply defined.

)
LaTeX Font Info:    Checking defaults for OML/cmm/m/it on input line 35.
LaTeX Font Info:    ... okay on input line 35.
LaTeX Font Info:    Checking defaults for T1/cmr/m/n on input line 35.
LaTeX Font Info:    ... okay on input line 35.
LaTeX Font Info:    Checking defaults for OT1/cmr/m/n on input line 35.
LaTeX Font Info:    ... okay on input line 35.
LaTeX Font Info:    Checking defaults for OMS/cmsy/m/n on input line 35.
LaTeX Font Info:    ... okay on input line 35.
LaTeX Font Info:    Checking defaults for OMX/cmex/m/n on input line 35.
LaTeX Font Info:    ... okay on input line 35.
LaTeX Font Info:    Checking defaults for U/cmr/m/n on input line 35.
LaTeX Font Info:    ... okay on input line 35.

*geometry auto-detecting driver*
*geometry detected driver: pdftex*
-------------------- Geometry parameters
paper: class default
landscape: --
twocolumn: true
twoside: --
asymmetric: --
h-parts: 54.2025pt, 505.89pt, 54.2025pt
v-parts: 54.2025pt, 686.56499pt, 54.2025pt
hmarginratio: --
vmarginratio: --
lines: --
heightrounded: --
bindingoffset: 0.0pt
truedimen: --
includehead: --
includefoot: --
includemp: --
driver: pdftex
-------------------- Page layout dimensions and switches
\paperwidth  614.295pt
\paperheight 794.96999pt
\textwidth  505.89pt
\textheight 686.56499pt
\oddsidemargin  -18.06749pt
\evensidemargin -18.06749pt
\topmargin  -18.06749pt
\headheight 0.0pt
\headsep    0.0pt
\footskip   0.0pt
\marginparwidth 4.0pt
\marginparsep   10.0pt
\columnsep  10.0pt
\skip\footins  10.8pt plus 4.0pt minus 2.0pt
\hoffset 0.0pt
\voffset 0.0pt
\mag 1000
\@twocolumntrue 
(1in=72.27pt, 1cm=28.45pt)
-----------------------
("C:\Program Files (x86)\MiKTeX 2.8\tex\context\base\supp-pdf.tex"
[Loading MPS to PDF converter (version 2006.09.02).]
\scratchcounter=\count103
\scratchdimen=\dimen118
\scratchbox=\box28
\nofMPsegments=\count104
\nofMParguments=\count105
\everyMPshowfont=\toks24
\MPscratchCnt=\count106
\MPscratchDim=\dimen119
\MPnumerator=\count107
\everyMPtoPDFconversion=\toks25
)
LaTeX Font Info:    Try loading font information for U+msa on input line 36.
 ("C:\Program Files (x86)\MiKTeX 2.8\tex\latex\amsfonts\umsa.fd"
File: umsa.fd 2009/06/22 v3.00 AMS symbols A
)
LaTeX Font Info:    Try loading font information for U+msb on input line 36.

("C:\Program Files (x86)\MiKTeX 2.8\tex\latex\amsfonts\umsb.fd"
File: umsb.fd 2009/06/22 v3.00 AMS symbols B
)

LaTeX Warning: Citation `fu07' on page 1 undefined on input line 48.


LaTeX Warning: Citation `moore' on page 1 undefined on input line 48.


LaTeX Warning: Citation `roy' on page 1 undefined on input line 48.


LaTeX Warning: Citation `Hsieh2008' on page 1 undefined on input line 48.


LaTeX Warning: Citation `Xia09' on page 1 undefined on input line 48.


LaTeX Warning: Citation `zhang2009' on page 1 undefined on input line 48.


LaTeX Warning: Citation `Chen09' on page 1 undefined on input line 48.


LaTeX Warning: Citation `Hsieh2009' on page 1 undefined on input line 48.


LaTeX Warning: Citation `burkov' on page 1 undefined on input line 49.


LaTeX Warning: Citation `today' on page 1 undefined on input line 51.


LaTeX Warning: Citation `rmp' on page 1 undefined on input line 51.


LaTeX Warning: Citation `Qi-zhang-rev' on page 1 undefined on input line 51.


LaTeX Warning: Citation `f-k' on page 1 undefined on input line 56.


LaTeX Warning: Citation `r-g' on page 1 undefined on input line 58.


LaTeX Warning: Citation `f-k' on page 1 undefined on input line 59.


LaTeX Warning: Citation `qi-zhang' on page 1 undefined on input line 62.

[1{C:/Users/mla/AppData/Local/MiKTeX/2.8/pdftex/config/pdftex.map}


]

LaTeX Warning: Citation `qi-zhang' on page 2 undefined on input line 74.


LaTeX Warning: Citation `rmp' on page 2 undefined on input line 74.


LaTeX Warning: Citation `f-k' on page 2 undefined on input line 81.


LaTeX Warning: Citation `roman' on page 2 undefined on input line 83.


LaTeX Warning: Citation `maryland' on page 2 undefined on input line 83.


LaTeX Warning: Citation `jason' on page 2 undefined on input line 83.


LaTeX Warning: Citation `mao1' on page 2 undefined on input line 83.


LaTeX Warning: Citation `mao2' on page 2 undefined on input line 83.


LaTeX Warning: Citation `yu' on page 2 undefined on input line 86.


LaTeX Warning: Citation `jacF' on page 2 undefined on input line 86.


LaTeX Warning: Citation `jacU' on page 2 undefined on input line 86.


Underfull \hbox (badness 1082) in paragraph at lines 77--88
\OT1/cmr/m/n/12 er-ant quan-tum com-pu-ta-tion [[]]. This pro-
 []


Underfull \hbox (badness 1231) in paragraph at lines 77--88
\OT1/cmr/m/n/12 superconductor-semiconductor het-erostruc-tures
 []


LaTeX Warning: Citation `sca' on page 2 undefined on input line 89.


LaTeX Warning: Citation `march' on page 2 undefined on input line 89.


LaTeX Warning: Citation `stan' on page 2 undefined on input line 96.


LaTeX Warning: Citation `ann' on page 2 undefined on input line 107.


LaTeX Warning: Citation `yokoyama09' on page 2 undefined on input line 112.


LaTeX Warning: Citation `heine65' on page 2 undefined on input line 112.


LaTeX Warning: Citation `cohen' on page 2 undefined on input line 112.


LaTeX Warning: Citation `tersoff' on page 2 undefined on input line 112.

[2]

LaTeX Warning: Citation `mrs' on page 3 undefined on input line 126.


LaTeX Warning: Citation `stan' on page 3 undefined on input line 126.


LaTeX Warning: Citation `majorana' on page 3 undefined on input line 126.


LaTeX Warning: Citation `yokoyama09' on page 3 undefined on input line 128.

[3

]
Underfull \hbox (badness 1400) in paragraph at lines 151--151
[]\OT1/cmr/bx/n/17.28 Model Hamil-to-nian and
 []


LaTeX Warning: Citation `zhang2009' on page 4 undefined on input line 153.


LaTeX Warning: Citation `zhang2009' on page 4 undefined on input line 163.


LaTeX Warning: Citation `zhang2009' on page 4 undefined on input line 164.


LaTeX Warning: Citation `yokoyama09' on page 4 undefined on input line 180.

<geometry.pdf, id=21, 885.62582pt x 457.45143pt>
File: geometry.pdf Graphic file (type pdf)
 <use geometry.pdf>

LaTeX Warning: Citation `duke' on page 4 undefined on input line 195.


LaTeX Warning: Citation `bc' on page 4 undefined on input line 195.


LaTeX Warning: Citation `kohn59' on page 4 undefined on input line 203.


LaTeX Warning: Citation `blount62' on page 4 undefined on input line 203.


LaTeX Warning: Citation `heine63' on page 4 undefined on input line 204.

<f2.pdf, id=22, 321.2pt x 294.1349pt>
File: f2.pdf Graphic file (type pdf)
 <use f2.pdf>
<f4.pdf, id=23, 321.2pt x 294.76926pt>
File: f4.pdf Graphic file (type pdf)
 <use f4.pdf>

LaTeX Warning: Command \r invalid in math mode on input line 219.


LaTeX Warning: Citation `heine63' on page 4 undefined on input line 219.


LaTeX Warning: Command \r invalid in math mode on input line 219.


LaTeX Warning: Citation `heine63' on page 4 undefined on input line 219.


LaTeX Warning: Citation `chang82' on page 4 undefined on input line 226.

[4 <C:/Users/mla/Documents/My Dropbox/_Proposal/geometry.pdf>]
Underfull \hbox (badness 4168) in paragraph at lines 238--238
[]\OT1/cmr/bx/n/17.28 Scattering ma-trix from
 []


LaTeX Warning: Citation `mott' on page 5 undefined on input line 243.


Overfull \hbox (5.80861pt too wide) detected at line 266
[] \OT1/cmr/m/n/12 = (\OML/cmm/m/it/12 r[]e[]; r[]e[]; e[] \OT1/cmr/m/n/12 + \O
ML/cmm/m/it/12 r[]e[]; r[]e[]\OT1/cmr/m/n/12 )[]\OML/cmm/m/it/12 ;
 []


LaTeX Warning: Citation `zhang2009' on page 5 undefined on input line 276.

<scatt.pdf, id=74, 301.125pt x 369.38pt>
File: scatt.pdf Graphic file (type pdf)
 <use scatt.pdf>
Underfull \hbox (badness 3386) in paragraph at lines 290--290
[]\OT1/cmr/bx/n/17.28 Interface spec-trum and
 []


Underfull \hbox (badness 6157) in paragraph at lines 290--290
\OT1/cmr/bx/n/17.28 scat-ter-ing ma-trix from
 []

[5 <C:/Users/mla/Documents/My Dropbox/_Proposal/f2.pdf> <C:/Users/mla/Documents
/My Dropbox/_Proposal/f4.pdf>]
Overfull \hbox (38.46999pt too wide) in alignment at lines 295--300
 [][][] []
 []


LaTeX Warning: Citation `qi_field' on page 6 undefined on input line 305.

<j1.pdf, id=98, 542.025pt x 503.8825pt>
File: j1.pdf Graphic file (type pdf)
 <use j1.pdf>
<j2.pdf, id=99, 542.025pt x 503.8825pt>
File: j2.pdf Graphic file (type pdf)
 <use j2.pdf>
Overfull \hbox (6.0352pt too wide) detected at line 327
\OMS/cmsy/m/n/12 H[] \OT1/cmr/m/n/12 = [][\OML/cmm/m/it/12 h\OT1/cmr/m/n/12 ([]
)\OML/cmm/m/it/12 n[] \OMS/cmsy/m/n/12   \OML/cmm/m/it/12 t[][][] \OT1/cmr/m/
n/12 + \OML/cmm/m/it/12 h:c:\OT1/cmr/m/n/12 ]
 []

[6 <C:/Users/mla/Documents/My Dropbox/_Proposal/scatt.pdf> <C:/Users/mla/Docume
nts/My Dropbox/_Proposal/j1.pdf> <C:/Users/mla/Documents/My Dropbox/_Proposal/j
2.pdf>] <la1.pdf, id=157, 240.9pt x 223.84729pt>
File: la1.pdf Graphic file (type pdf)
 <use la1.pdf>
<la2.pdf, id=158, 240.9pt x 213.32397pt>
File: la2.pdf Graphic file (type pdf)
 <use la2.pdf>

LaTeX Warning: Citation `gf' on page 7 undefined on input line 352.


LaTeX Warning: Citation `gf' on page 7 undefined on input line 367.


Underfull \vbox (badness 1264) has occurred while \output is active []

 [7 <C:/Users/mla/Documents/My Dropbox/_Proposal/la1.pdf> <C:/Users/mla/Documen
ts/My Dropbox/_Proposal/la2.pdf>]

LaTeX Warning: Citation `yokoyama09' on page 8 undefined on input line 420.

[8

]
Underfull \hbox (badness 10000) in paragraph at lines 425--425
\OT1/cmr/bx/n/14.4 con-duc-tor/topological in-su-la-tor
 []


LaTeX Warning: Citation `cu1' on page 9 undefined on input line 467.


LaTeX Warning: Citation `cu2' on page 9 undefined on input line 467.


LaTeX Warning: Citation `ando' on page 9 undefined on input line 467.


LaTeX Warning: Citation `f-k' on page 9 undefined on input line 490.


LaTeX Warning: Citation `stan' on page 9 undefined on input line 492.


Underfull \vbox (badness 2376) has occurred while \output is active []

 [9

]
Underfull \hbox (badness 1442) in paragraph at lines 499--499
[]\OT1/cmr/bx/n/17.28 Model and Ba-sic equa-
 []


Overfull \hbox (17.98183pt too wide) detected at line 514
[] \OT1/cmr/m/n/12 = (\OML/cmm/m/it/12 u[]; u[]; u[]; u[]; v[]; v[]; v[]; v[]\O
T1/cmr/m/n/12 )[]\OML/cmm/m/it/12 :
 []


LaTeX Warning: Citation `zhang' on page 10 undefined on input line 532.


LaTeX Warning: Citation `band' on page 10 undefined on input line 532.


LaTeX Warning: Citation `zhang' on page 10 undefined on input line 535.


LaTeX Warning: Citation `zhang' on page 10 undefined on input line 536.


LaTeX Warning: Citation `zhao' on page 10 undefined on input line 542.


Overfull \hbox (39.8229pt too wide) in alignment at lines 544--546
 [][][] []
 []


LaTeX Warning: Citation `cu2' on page 10 undefined on input line 548.


LaTeX Warning: Citation `gate' on page 10 undefined on input line 550.


LaTeX Warning: Command \l invalid in math mode on input line 559.

Package epstopdf Info: Source file: <setup.eps>
(epstopdf)                    date: 2011-01-14 12:15:18
(epstopdf)                    size: 28467 bytes
(epstopdf)             Output file: <setup-eps-converted-to.pdf>
(epstopdf)                    date: 2011-06-20 14:45:46
(epstopdf)                    size: 12331 bytes
(epstopdf)             Command: <epstopdf --outfile=setup-eps-converted-to.pdf 
setup.eps>
(epstopdf)             \includegraphics on input line 570.
Package epstopdf Info: Output file is already uptodate.
<setup-eps-converted-to.pdf, id=196, 369.38pt x 194.7275pt>
File: setup-eps-converted-to.pdf Graphic file (type pdf)

<use setup-eps-converted-to.pdf> [10]

LaTeX Warning: Reference `bdgsimp' on page 11 undefined on input line 595.


LaTeX Warning: Citation `h-v' on page 11 undefined on input line 597.


LaTeX Warning: Citation `h-v' on page 11 undefined on input line 604.


Underfull \hbox (badness 1852) in paragraph at lines 595--605
[]\OT1/cmr/m/n/12 We solve the ma-trix dif-fer-en-tial equa-tion
 []


LaTeX Warning: Citation `s-v' on page 11 undefined on input line 612.


Overfull \hbox (3.32288pt too wide) detected at line 627
\OML/cmm/m/it/12 G[]\OT1/cmr/m/n/12 (\OT1/cmr/bx/n/12 k[]\OML/cmm/m/it/12 ; z; 
t\OT1/cmr/m/n/12 ) = \OMS/cmsy/m/n/12  \OML/cmm/m/it/12 i\OT1/cmr/m/n/12 (\OML
/cmm/m/it/12 t\OT1/cmr/m/n/12 )\OMS/cmsy/m/n/12 hf\OML/cmm/m/it/12  []\OT1/cmr/
m/n/12 (\OT1/cmr/bx/n/12 k[]\OML/cmm/m/it/12 ; z; t\OT1/cmr/m/n/12 )\OML/cmm/m/
it/12 ;  []\OT1/cmr/m/n/12 (\OT1/cmr/bx/n/12 k[]\OML/cmm/m/it/12 ; z; \OT1/cmr/
m/n/12 0)\OMS/cmsy/m/n/12 gi
 []

[11 <C:/Users/mla/Documents/My Dropbox/_Proposal/setup-eps-converted-to.pdf>]

LaTeX Warning: Citation `zhao' on page 12 undefined on input line 652.

Package epstopdf Info: Source file: <delta-cu.eps>
(epstopdf)                    date: 2011-01-04 10:42:35
(epstopdf)                    size: 33187 bytes
(epstopdf)             Output file: <delta-cu-eps-converted-to.pdf>
(epstopdf)                    date: 2011-06-20 14:45:47
(epstopdf)                    size: 14060 bytes
(epstopdf)             Command: <epstopdf --outfile=delta-cu-eps-converted-to.p
df delta-cu.eps>
(epstopdf)             \includegraphics on input line 670.
Package epstopdf Info: Output file is already uptodate.
<delta-cu-eps-converted-to.pdf, id=212, 361.35pt x 252.945pt>
File: delta-cu-eps-converted-to.pdf Graphic file (type pdf)

<use delta-cu-eps-converted-to.pdf>
Package epstopdf Info: Source file: <dt.eps>
(epstopdf)                    date: 2010-12-10 15:11:54
(epstopdf)                    size: 23489 bytes
(epstopdf)             Output file: <dt-eps-converted-to.pdf>
(epstopdf)                    date: 2011-06-20 14:45:48
(epstopdf)                    size: 8722 bytes
(epstopdf)             Command: <epstopdf --outfile=dt-eps-converted-to.pdf dt.
eps>
(epstopdf)             \includegraphics on input line 673.
Package epstopdf Info: Output file is already uptodate.

<dt-eps-converted-to.pdf, id=213, 361.35pt x 252.945pt>
File: dt-eps-converted-to.pdf Graphic file (type pdf)

<use dt-eps-converted-to.pdf>
Package epstopdf Info: Source file: <dtchemi.eps>
(epstopdf)                    date: 2010-12-12 11:28:15
(epstopdf)                    size: 27978 bytes
(epstopdf)             Output file: <dtchemi-eps-converted-to.pdf>
(epstopdf)                    date: 2011-06-20 14:45:49
(epstopdf)                    size: 11035 bytes
(epstopdf)             Command: <epstopdf --outfile=dtchemi-eps-converted-to.pd
f dtchemi.eps>
(epstopdf)             \includegraphics on input line 677.
Package epstopdf Info: Output file is already uptodate.

<dtchemi-eps-converted-to.pdf, id=214, 361.35pt x 252.945pt>
File: dtchemi-eps-converted-to.pdf Graphic file (type pdf)

<use dtchemi-eps-converted-to.pdf>

LaTeX Warning: Citation `f-k' on page 12 undefined on input line 692.

[12 <C:/Users/mla/Documents/My Dropbox/_Proposal/delta-cu-eps-converted-to.pdf>
 <C:/Users/mla/Documents/My Dropbox/_Proposal/dt-eps-converted-to.pdf> <C:/User
s/mla/Documents/My Dropbox/_Proposal/dtchemi-eps-converted-to.pdf>]

LaTeX Warning: Command \r invalid in math mode on input line 702.


LaTeX Warning: Command \r invalid in math mode on input line 703.


LaTeX Warning: Citation `stan' on page 13 undefined on input line 707.

Package epstopdf Info: Source file: <levels.eps>
(epstopdf)                    date: 2010-12-13 13:53:06
(epstopdf)                    size: 30030 bytes
(epstopdf)             Output file: <levels-eps-converted-to.pdf>
(epstopdf)                    date: 2011-06-20 14:45:50
(epstopdf)                    size: 18277 bytes
(epstopdf)             Command: <epstopdf --outfile=levels-eps-converted-to.pdf
 levels.eps>
(epstopdf)             \includegraphics on input line 711.
Package epstopdf Info: Output file is already uptodate.
<levels-eps-converted-to.pdf, id=239, 361.35pt x 252.945pt>
File: levels-eps-converted-to.pdf Graphic file (type pdf)

<use levels-eps-converted-to.pdf>
Package epstopdf Info: Source file: <disp-mu.eps>
(epstopdf)                    date: 2010-12-13 13:31:52
(epstopdf)                    size: 30222 bytes
(epstopdf)             Output file: <disp-mu-eps-converted-to.pdf>
(epstopdf)                    date: 2011-06-20 14:45:51
(epstopdf)                    size: 11722 bytes
(epstopdf)             Command: <epstopdf --outfile=disp-mu-eps-converted-to.pd
f disp-mu.eps>
(epstopdf)             \includegraphics on input line 742.
Package epstopdf Info: Output file is already uptodate.

<disp-mu-eps-converted-to.pdf, id=240, 361.35pt x 252.945pt>
File: disp-mu-eps-converted-to.pdf Graphic file (type pdf)

<use disp-mu-eps-converted-to.pdf>
Package epstopdf Info: Source file: <spweight.eps>
(epstopdf)                    date: 2010-12-19 15:37:40
(epstopdf)                    size: 27673 bytes
(epstopdf)             Output file: <spweight-eps-converted-to.pdf>
(epstopdf)                    date: 2011-06-20 14:45:52
(epstopdf)                    size: 17936 bytes
(epstopdf)             Command: <epstopdf --outfile=spweight-eps-converted-to.p
df spweight.eps>
(epstopdf)             \includegraphics on input line 755.
Package epstopdf Info: Output file is already uptodate.

<spweight-eps-converted-to.pdf, id=241, 361.35pt x 252.945pt>
File: spweight-eps-converted-to.pdf Graphic file (type pdf)

<use spweight-eps-converted-to.pdf>
Package epstopdf Info: Source file: <dos.eps>
(epstopdf)                    date: 2011-10-22 15:54:01
(epstopdf)                    size: 56018 bytes
(epstopdf)             Output file: <dos-eps-converted-to.pdf>
(epstopdf)                    date: 2011-10-22 15:55:08
(epstopdf)                    size: 25517 bytes
(epstopdf)             Command: <epstopdf --outfile=dos-eps-converted-to.pdf do
s.eps>
(epstopdf)             \includegraphics on input line 775.
Package epstopdf Info: Output file is already uptodate.

<dos-eps-converted-to.pdf, id=242, 229.85875pt x 229.85875pt>
File: dos-eps-converted-to.pdf Graphic file (type pdf)

<use dos-eps-converted-to.pdf>
Package epstopdf Info: Source file: <spg27.eps>
(epstopdf)                    date: 2011-01-06 09:14:14
(epstopdf)                    size: 26553 bytes
(epstopdf)             Output file: <spg27-eps-converted-to.pdf>
(epstopdf)                    date: 2011-06-20 14:45:54
(epstopdf)                    size: 9378 bytes
(epstopdf)             Command: <epstopdf --outfile=spg27-eps-converted-to.pdf 
spg27.eps>
(epstopdf)             \includegraphics on input line 787.
Package epstopdf Info: Output file is already uptodate.

<spg27-eps-converted-to.pdf, id=243, 361.35pt x 252.945pt>
File: spg27-eps-converted-to.pdf Graphic file (type pdf)

<use spg27-eps-converted-to.pdf>

LaTeX Warning: Citation `esch' on page 13 undefined on input line 798.


LaTeX Warning: Citation `tanaka' on page 13 undefined on input line 798.


LaTeX Warning: Citation `zhao' on page 13 undefined on input line 805.


LaTeX Warning: Citation `esch' on page 13 undefined on input line 812.


LaTeX Warning: Citation `stan' on page 13 undefined on input line 814.

[13 <C:/Users/mla/Documents/My Dropbox/_Proposal/levels-eps-converted-to.pdf>]
[14 <C:/Users/mla/Documents/My Dropbox/_Proposal/disp-mu-eps-converted-to.pdf> 
<C:/Users/mla/Documents/My Dropbox/_Proposal/spweight-eps-converted-to.pdf> <C:
/Users/mla/Documents/My Dropbox/_Proposal/dos-eps-converted-to.pdf> <C:/Users/m
la/Documents/My Dropbox/_Proposal/spg27-eps-converted-to.pdf>]

LaTeX Warning: Reference `symm' on page 15 undefined on input line 817.


LaTeX Warning: Reference `unit' on page 15 undefined on input line 819.


LaTeX Warning: Citation `esch' on page 15 undefined on input line 837.


LaTeX Warning: Citation `tanaka' on page 15 undefined on input line 837.


LaTeX Warning: Citation `trip' on page 15 undefined on input line 837.

Package epstopdf Info: Source file: <pwave.eps>
(epstopdf)                    date: 2011-01-06 11:24:14
(epstopdf)                    size: 42269 bytes
(epstopdf)             Output file: <pwave-eps-converted-to.pdf>
(epstopdf)                    date: 2011-06-20 14:45:55
(epstopdf)                    size: 20144 bytes
(epstopdf)             Command: <epstopdf --outfile=pwave-eps-converted-to.pdf 
pwave.eps>
(epstopdf)             \includegraphics on input line 843.
Package epstopdf Info: Output file is already uptodate.
<pwave-eps-converted-to.pdf, id=279, 361.35pt x 252.945pt>
File: pwave-eps-converted-to.pdf Graphic file (type pdf)

<use pwave-eps-converted-to.pdf>
Package epstopdf Info: Source file: <pw-cu.eps>
(epstopdf)                    date: 2011-01-07 17:03:13
(epstopdf)                    size: 24609 bytes
(epstopdf)             Output file: <pw-cu-eps-converted-to.pdf>
(epstopdf)                    date: 2011-06-20 14:45:56
(epstopdf)                    size: 9483 bytes
(epstopdf)             Command: <epstopdf --outfile=pw-cu-eps-converted-to.pdf 
pw-cu.eps>
(epstopdf)             \includegraphics on input line 869.
Package epstopdf Info: Output file is already uptodate.

<pw-cu-eps-converted-to.pdf, id=280, 361.35pt x 252.945pt>
File: pw-cu-eps-converted-to.pdf Graphic file (type pdf)

<use pw-cu-eps-converted-to.pdf>

LaTeX Warning: Citation `f-k' on page 15 undefined on input line 888.


LaTeX Warning: Citation `stan' on page 15 undefined on input line 888.

[15 <C:/Users/mla/Documents/My Dropbox/_Proposal/pwave-eps-converted-to.pdf>]

LaTeX Warning: Citation `roman' on page 16 undefined on input line 905.


LaTeX Warning: Citation `maryland' on page 16 undefined on input line 905.


LaTeX Warning: Citation `jason' on page 16 undefined on input line 905.


LaTeX Warning: Citation `mao1' on page 16 undefined on input line 905.


LaTeX Warning: Citation `mao2' on page 16 undefined on input line 905.


LaTeX Warning: Citation `h-v' on page 16 undefined on input line 914.

[16 <C:/Users/mla/Documents/My Dropbox/_Proposal/pw-cu-eps-converted-to.pdf>]
Overfull \hbox (18.29337pt too wide) detected at line 941
\OT1/cmr/m/n/12 [] = \OML/cmm/m/it/12 g [] d\OT1/cmr/bx/n/12 k[] [] [] \OML/cm
m/m/it/12 J[]u[]\OT1/cmr/m/n/12 (\OT1/cmr/bx/n/12 k[]\OT1/cmr/m/n/12 )\OML/cmm/
m/it/12 v[]\OT1/cmr/m/n/12 (\OMS/cmsy/m/n/12  \OT1/cmr/bx/n/12 k[]\OT1/cmr/m/n/
12 )[]
 []


LaTeX Warning: Reference `symm' on page 17 undefined on input line 943.

[17]
Package epstopdf Info: Source file: <energy_zoom.eps>
(epstopdf)                    date: 2011-10-22 16:04:05
(epstopdf)                    size: 143600 bytes
(epstopdf)             Output file: <energy_zoom-eps-converted-to.pdf>
(epstopdf)                    date: 2011-10-22 23:38:44
(epstopdf)                    size: 66017 bytes
(epstopdf)             Command: <epstopdf --outfile=energy_zoom-eps-converted-t
o.pdf energy_zoom.eps>
(epstopdf)             \includegraphics on input line 967.
Package epstopdf Info: Output file is already uptodate.
 <energy_zoom-eps-converted-to.pdf, id=304, 229.85875pt x 229.85875pt>
File: energy_zoom-eps-converted-to.pdf Graphic file (type pdf)

<use energy_zoom-eps-converted-to.pdf>
Package epstopdf Info: Source file: <dos.eps>
(epstopdf)                    date: 2011-10-22 15:54:01
(epstopdf)                    size: 56018 bytes
(epstopdf)             Output file: <dos-eps-converted-to.pdf>
(epstopdf)                    date: 2011-10-22 15:55:08
(epstopdf)                    size: 25517 bytes
(epstopdf)             Command: <epstopdf --outfile=dos-eps-converted-to.pdf do
s.eps>
(epstopdf)             \includegraphics on input line 968.
Package epstopdf Info: Output file is already uptodate.
File: dos-eps-converted-to.pdf Graphic file (type pdf)
 <use dos-eps-converted-to.pdf>
Underfull \hbox (badness 10000) in paragraph at lines 967--969
[][]
 []

[18

 <C:/Users/mla/Documents/My Dropbox/_Proposal/energy_zoom-eps-converted-to.pdf>
] ("C:\Users\mla\Documents\My Dropbox\_Proposal\proposal.aux")

LaTeX Warning: There were undefined references.


LaTeX Warning: There were multiply-defined labels.

 ) 
Here is how much of TeX's memory you used:
 2925 strings out of 495285
 38253 string characters out of 3179884
 100996 words of memory out of 3000000
 6041 multiletter control sequences out of 15000+200000
 15212 words of font info for 57 fonts, out of 3000000 for 9000
 14 hyphenation exceptions out of 8191
 41i,11n,32p,1130b,214s stack positions out of 5000i,500n,10000p,200000b,50000s
<C:/Program Files (x86)/MiKTeX 2.8/fonts/type1/public/amsfonts/cm/cmbx12.pfb>
<C:/Program Files (x86)/MiKTeX 2.8/fonts/type1/public/amsfonts/cm/cmbx8.pfb><C:
/Program Files (x86)/MiKTeX 2.8/fonts/type1/public/amsfonts/cm/cmex10.pfb><C:/P
rogram Files (x86)/MiKTeX 2.8/fonts/type1/public/amsfonts/cm/cmmi12.pfb><C:/Pro
gram Files (x86)/MiKTeX 2.8/fonts/type1/public/amsfonts/cm/cmmi6.pfb><C:/Progra
m Files (x86)/MiKTeX 2.8/fonts/type1/public/amsfonts/cm/cmmi8.pfb><C:/Program F
iles (x86)/MiKTeX 2.8/fonts/type1/public/amsfonts/cm/cmmib10.pfb><C:/Program Fi
les (x86)/MiKTeX 2.8/fonts/type1/public/amsfonts/cm/cmr12.pfb><C:/Program Files
 (x86)/MiKTeX 2.8/fonts/type1/public/amsfonts/cm/cmr17.pfb><C:/Program Files (x
86)/MiKTeX 2.8/fonts/type1/public/amsfonts/cm/cmr6.pfb><C:/Program Files (x86)/
MiKTeX 2.8/fonts/type1/public/amsfonts/cm/cmr8.pfb><C:/Program Files (x86)/MiKT
eX 2.8/fonts/type1/public/amsfonts/cm/cmsy10.pfb><C:/Program Files (x86)/MiKTeX
 2.8/fonts/type1/public/amsfonts/cm/cmsy6.pfb><C:/Program Files (x86)/MiKTeX 2.
8/fonts/type1/public/amsfonts/cm/cmsy8.pfb><C:/Program Files (x86)/MiKTeX 2.8/f
onts/type1/public/amsfonts/cm/cmti12.pfb><C:/Program Files (x86)/MiKTeX 2.8/fon
ts/type1/public/amsfonts/symbols/msbm10.pfb>
Output written on proposal.pdf (18 pages, 1272917 bytes).
PDF statistics:
 362 PDF objects out of 1000 (max. 8388607)
 0 named destinations out of 1000 (max. 500000)
 101 words of extra memory for PDF output out of 10000 (max. 10000000)

