This is pdfTeX, Version 3.1415926-1.40.10 (MiKTeX 2.8) (preloaded format=pdflatex 2011.1.10)  13 DEC 2011 11:58
entering extended mode
**C:/Users/mla/Documents/My*Dropbox/_Proposal/proposal_pres.tex
("C:/Users/mla/Documents/My Dropbox/_Proposal/proposal_pres.tex"
LaTeX2e <2009/09/24>
Babel <v3.8l> and hyphenation patterns for english, dumylang, nohyphenation, ge
rman, ngerman, german-x-2009-06-19, ngerman-x-2009-06-19, french, loaded.
(C:\Users\mla\AppData\Roaming\MiKTeX\2.8\tex\latex\beamer\base\beamer.cls
(C:\Users\mla\AppData\Roaming\MiKTeX\2.8\tex\latex\beamer\base\beamerbasercs.st
y
Package: beamerbasercs 2010/06/12 (rcs-revision c3821710bb40)
)
Document Class: beamer 2010/06/21 development version 3.10 A class for typesett
ing presentations (rcs-revision a6b1a8434d30)

(C:\Users\mla\AppData\Roaming\MiKTeX\2.8\tex\latex\beamer\base\beamerbasemodes.
sty
Package: beamerbasemodes 2010/05/01 (rcs-revision efa082c6111d)
\beamer@tempbox=\box26
\beamer@tempcount=\count79
\c@beamerpauses=\count80

(C:\Users\mla\AppData\Roaming\MiKTeX\2.8\tex\latex\beamer\base\beamerbasedecode
.sty
Package: beamerbasedecode 2010/05/01 (rcs-revision efa082c6111d)
\beamer@slideinframe=\count81
\beamer@minimum=\count82
)
\beamer@commentbox=\box27
\beamer@modecount=\count83
)
\headheight=\dimen102
\headdp=\dimen103
\footheight=\dimen104
\sidebarheight=\dimen105
\beamer@tempdim=\dimen106
\beamer@finalheight=\dimen107
\beamer@animht=\dimen108
\beamer@animdp=\dimen109
\beamer@animwd=\dimen110
\beamer@leftmargin=\dimen111
\beamer@rightmargin=\dimen112
\beamer@leftsidebar=\dimen113
\beamer@rightsidebar=\dimen114
\beamer@boxsize=\dimen115
\beamer@vboxoffset=\dimen116
\beamer@descdefault=\dimen117
\beamer@descriptionwidth=\dimen118
\beamer@lastskip=\skip41
\beamer@areabox=\box28
\beamer@animcurrent=\box29
\beamer@animshowbox=\box30
\beamer@sectionbox=\box31
\beamer@logobox=\box32
\beamer@linebox=\box33
\beamer@sectioncount=\count84
\beamer@subsubsectionmax=\count85
\beamer@subsectionmax=\count86
\beamer@sectionmax=\count87
\beamer@totalheads=\count88
\beamer@headcounter=\count89
\beamer@partstartpage=\count90
\beamer@sectionstartpage=\count91
\beamer@subsectionstartpage=\count92
\beamer@animationtempa=\count93
\beamer@animationtempb=\count94
\beamer@xpos=\count95
\beamer@ypos=\count96
\beamer@showpartnumber=\count97
\beamer@currentsubsection=\count98
\beamer@coveringdepth=\count99
\beamer@sectionadjust=\count100
\beamer@tocsectionnumber=\count101

(C:\Users\mla\AppData\Roaming\MiKTeX\2.8\tex\latex\beamer\base\beamerbaseoption
s.sty
Package: beamerbaseoptions 2010/04/27 (rcs-revision 982469101dd6)
 ("C:\Program Files (x86)\MiKTeX 2.8\tex\latex\graphics\keyval.sty"
Package: keyval 1999/03/16 v1.13 key=value parser (DPC)
\KV@toks@=\toks14
))
\beamer@paperwidth=\skip42
\beamer@paperheight=\skip43

("C:\Program Files (x86)\MiKTeX 2.8\tex\latex\geometry\geometry.sty"
Package: geometry 2008/12/21 v4.2 Page Geometry

("C:\Program Files (x86)\MiKTeX 2.8\tex\generic\oberdiek\ifpdf.sty"
Package: ifpdf 2009/04/10 v2.0 Provides the ifpdf switch (HO)
Package ifpdf Info: pdfTeX in pdf mode detected.
)
("C:\Program Files (x86)\MiKTeX 2.8\tex\generic\oberdiek\ifvtex.sty"
Package: ifvtex 2008/11/04 v1.4 Switches for detecting VTeX and its modes (HO)
Package ifvtex Info: VTeX not detected.
)
\Gm@cnth=\count102
\Gm@cntv=\count103
\c@Gm@tempcnt=\count104
\Gm@bindingoffset=\dimen119
\Gm@wd@mp=\dimen120
\Gm@odd@mp=\dimen121
\Gm@even@mp=\dimen122
\Gm@dimlist=\toks15

("C:\Program Files (x86)\MiKTeX 2.8\tex\latex\geometry\geometry.cfg"))
("C:\Program Files (x86)\MiKTeX 2.8\tex\latex\base\size11.clo"
File: size11.clo 2007/10/19 v1.4h Standard LaTeX file (size option)
)
("C:\Program Files (x86)\MiKTeX 2.8\tex\latex\pgf\basiclayer\pgfcore.sty"
("C:\Program Files (x86)\MiKTeX 2.8\tex\latex\graphics\graphicx.sty"
Package: graphicx 1999/02/16 v1.0f Enhanced LaTeX Graphics (DPC,SPQR)

("C:\Program Files (x86)\MiKTeX 2.8\tex\latex\graphics\graphics.sty"
Package: graphics 2009/02/05 v1.0o Standard LaTeX Graphics (DPC,SPQR)

("C:\Program Files (x86)\MiKTeX 2.8\tex\latex\graphics\trig.sty"
Package: trig 1999/03/16 v1.09 sin cos tan (DPC)
)
("C:\Program Files (x86)\MiKTeX 2.8\tex\latex\00miktex\graphics.cfg"
File: graphics.cfg 2007/01/18 v1.5 graphics configuration of teTeX/TeXLive
)
Package graphics Info: Driver file: pdftex.def on input line 91.

("C:\Program Files (x86)\MiKTeX 2.8\tex\latex\pdftex-def\pdftex.def"
File: pdftex.def 2009/08/25 v0.04m Graphics/color for pdfTeX
\Gread@gobject=\count105
))
\Gin@req@height=\dimen123
\Gin@req@width=\dimen124
)
("C:\Program Files (x86)\MiKTeX 2.8\tex\latex\pgf\systemlayer\pgfsys.sty"
("C:\Program Files (x86)\MiKTeX 2.8\tex\latex\pgf\utilities\pgfrcs.sty"
("C:\Program Files (x86)\MiKTeX 2.8\tex\generic\pgf\utilities\pgfutil-common.te
x"
\pgfutil@everybye=\toks16
)
("C:\Program Files (x86)\MiKTeX 2.8\tex\generic\pgf\utilities\pgfutil-latex.def
") ("C:\Program Files (x86)\MiKTeX 2.8\tex\generic\pgf\utilities\pgfrcs.code.te
x"
Package: pgfrcs 2008/02/20 v2.00 (rcs-revision 1.21)
))
("C:\Program Files (x86)\MiKTeX 2.8\tex\generic\pgf\systemlayer\pgfsys.code.tex
"
Package: pgfsys 2008/02/07 v2.00 (rcs-revision 1.31)
 ("C:\Program Files (x86)\MiKTeX 2.8\tex\generic\pgf\utilities\pgfkeys.code.tex
"
\pgfkeys@pathtoks=\toks17
\pgfkeys@temptoks=\toks18
)
\pgf@x=\dimen125
\pgf@y=\dimen126
\pgf@xa=\dimen127
\pgf@ya=\dimen128
\pgf@xb=\dimen129
\pgf@yb=\dimen130
\pgf@xc=\dimen131
\pgf@yc=\dimen132
\c@pgf@counta=\count106
\c@pgf@countb=\count107
\c@pgf@countc=\count108
\c@pgf@countd=\count109
 ("C:\Program Files (x86)\MiKTeX 2.8\tex\generic\pgf\systemlayer\pgf.cfg"
File: pgf.cfg 2008/01/13  (rcs-revision 1.6)
)
Package pgfsys Info: Driver file for pgf: pgfsys-pdftex.def on input line 885.

("C:\Program Files (x86)\MiKTeX 2.8\tex\generic\pgf\systemlayer\pgfsys-pdftex.d
ef"
File: pgfsys-pdftex.def 2007/12/20  (rcs-revision 1.20)

("C:\Program Files (x86)\MiKTeX 2.8\tex\generic\pgf\systemlayer\pgfsys-common-p
df.def"
File: pgfsys-common-pdf.def 2007/12/17  (rcs-revision 1.8)
)))
("C:\Program Files (x86)\MiKTeX 2.8\tex\generic\pgf\systemlayer\pgfsyssoftpath.
code.tex"
File: pgfsyssoftpath.code.tex 2008/01/23  (rcs-revision 1.6)
\pgfsyssoftpath@smallbuffer@items=\count110
\pgfsyssoftpath@bigbuffer@items=\count111
)
("C:\Program Files (x86)\MiKTeX 2.8\tex\generic\pgf\systemlayer\pgfsysprotocol.
code.tex"
File: pgfsysprotocol.code.tex 2006/10/16  (rcs-revision 1.4)
)) ("C:\Program Files (x86)\MiKTeX 2.8\tex\latex\xcolor\xcolor.sty"
Package: xcolor 2007/01/21 v2.11 LaTeX color extensions (UK)

("C:\Program Files (x86)\MiKTeX 2.8\tex\latex\00miktex\color.cfg"
File: color.cfg 2007/01/18 v1.5 color configuration of teTeX/TeXLive
)
Package xcolor Info: Driver file: pdftex.def on input line 225.
Package xcolor Info: Model `cmy' substituted by `cmy0' on input line 1337.
Package xcolor Info: Model `hsb' substituted by `rgb' on input line 1341.
Package xcolor Info: Model `RGB' extended on input line 1353.
Package xcolor Info: Model `HTML' substituted by `rgb' on input line 1355.
Package xcolor Info: Model `Hsb' substituted by `hsb' on input line 1356.
Package xcolor Info: Model `tHsb' substituted by `hsb' on input line 1357.
Package xcolor Info: Model `HSB' substituted by `hsb' on input line 1358.
Package xcolor Info: Model `Gray' substituted by `gray' on input line 1359.
Package xcolor Info: Model `wave' substituted by `hsb' on input line 1360.
)
("C:\Program Files (x86)\MiKTeX 2.8\tex\generic\pgf\basiclayer\pgfcore.code.tex
"
Package: pgfcore 2008/01/15 v2.00 (rcs-revision 1.6)
 ("C:\Program Files (x86)\MiKTeX 2.8\tex\generic\pgf\math\pgfmath.code.tex"
("C:\Program Files (x86)\MiKTeX 2.8\tex\generic\pgf\math\pgfmathcalc.code.tex"
("C:\Program Files (x86)\MiKTeX 2.8\tex\generic\pgf\math\pgfmathutil.code.tex"
\pgfmath@box=\box34
) ("C:\Program Files (x86)\MiKTeX 2.8\tex\generic\pgf\math\pgfmathparser.code.t
ex"
\pgfmath@stack=\toks19
\c@pgfmath@parsecounta=\count112
\c@pgfmath@parsecountb=\count113
\c@pgfmath@parsecountc=\count114
\pgfmath@parsex=\dimen133
)
("C:\Program Files (x86)\MiKTeX 2.8\tex\generic\pgf\math\pgfmathoperations.code
.tex"
("C:\Program Files (x86)\MiKTeX 2.8\tex\generic\pgf\math\pgfmathtrig.code.tex")
("C:\Program Files (x86)\MiKTeX 2.8\tex\generic\pgf\math\pgfmathrnd.code.tex"))
("C:\Program Files (x86)\MiKTeX 2.8\tex\generic\pgf\math\pgfmathbase.code.tex")
))
("C:\Program Files (x86)\MiKTeX 2.8\tex\generic\pgf\basiclayer\pgfcorepoints.co
de.tex"
File: pgfcorepoints.code.tex 2008/02/03  (rcs-revision 1.13)
\pgf@picminx=\dimen134
\pgf@picmaxx=\dimen135
\pgf@picminy=\dimen136
\pgf@picmaxy=\dimen137
\pgf@pathminx=\dimen138
\pgf@pathmaxx=\dimen139
\pgf@pathminy=\dimen140
\pgf@pathmaxy=\dimen141
\pgf@xx=\dimen142
\pgf@xy=\dimen143
\pgf@yx=\dimen144
\pgf@yy=\dimen145
\pgf@zx=\dimen146
\pgf@zy=\dimen147
)
("C:\Program Files (x86)\MiKTeX 2.8\tex\generic\pgf\basiclayer\pgfcorepathconst
ruct.code.tex"
File: pgfcorepathconstruct.code.tex 2008/02/13  (rcs-revision 1.14)
\pgf@path@lastx=\dimen148
\pgf@path@lasty=\dimen149
)
("C:\Program Files (x86)\MiKTeX 2.8\tex\generic\pgf\basiclayer\pgfcorepathusage
.code.tex"
File: pgfcorepathusage.code.tex 2008/01/23  (rcs-revision 1.11)
\pgf@shorten@end@additional=\dimen150
\pgf@shorten@start@additional=\dimen151
)
("C:\Program Files (x86)\MiKTeX 2.8\tex\generic\pgf\basiclayer\pgfcorescopes.co
de.tex"
File: pgfcorescopes.code.tex 2008/01/15  (rcs-revision 1.26)
\pgfpic=\box35
\pgf@hbox=\box36
\pgf@layerbox@main=\box37
\pgf@picture@serial@count=\count115
)
("C:\Program Files (x86)\MiKTeX 2.8\tex\generic\pgf\basiclayer\pgfcoregraphicst
ate.code.tex"
File: pgfcoregraphicstate.code.tex 2007/12/12  (rcs-revision 1.8)
\pgflinewidth=\dimen152
)
("C:\Program Files (x86)\MiKTeX 2.8\tex\generic\pgf\basiclayer\pgfcoretransform
ations.code.tex"
File: pgfcoretransformations.code.tex 2008/02/04  (rcs-revision 1.10)
\pgf@pt@x=\dimen153
\pgf@pt@y=\dimen154
\pgf@pt@temp=\dimen155
)
("C:\Program Files (x86)\MiKTeX 2.8\tex\generic\pgf\basiclayer\pgfcorequick.cod
e.tex"
File: pgfcorequick.code.tex 2006/10/11  (rcs-revision 1.2)
)
("C:\Program Files (x86)\MiKTeX 2.8\tex\generic\pgf\basiclayer\pgfcoreobjects.c
ode.tex"
File: pgfcoreobjects.code.tex 2006/10/11  (rcs-revision 1.2)
)
("C:\Program Files (x86)\MiKTeX 2.8\tex\generic\pgf\basiclayer\pgfcorepathproce
ssing.code.tex"
File: pgfcorepathprocessing.code.tex 2008/01/23  (rcs-revision 1.7)
)
("C:\Program Files (x86)\MiKTeX 2.8\tex\generic\pgf\basiclayer\pgfcorearrows.co
de.tex"
File: pgfcorearrows.code.tex 2007/06/07  (rcs-revision 1.8)
)
("C:\Program Files (x86)\MiKTeX 2.8\tex\generic\pgf\basiclayer\pgfcoreshade.cod
e.tex"
File: pgfcoreshade.code.tex 2007/12/10  (rcs-revision 1.9)
\pgf@max=\dimen156
\pgf@sys@shading@range@num=\count116
)
("C:\Program Files (x86)\MiKTeX 2.8\tex\generic\pgf\basiclayer\pgfcoreimage.cod
e.tex"
File: pgfcoreimage.code.tex 2008/01/15  (rcs-revision 1.1)
\pgfexternal@startupbox=\box38
)
("C:\Program Files (x86)\MiKTeX 2.8\tex\generic\pgf\basiclayer\pgfcorelayers.co
de.tex"
File: pgfcorelayers.code.tex 2008/01/15  (rcs-revision 1.1)
)
("C:\Program Files (x86)\MiKTeX 2.8\tex\generic\pgf\basiclayer\pgfcoretranspare
ncy.code.tex"
File: pgfcoretransparency.code.tex 2008/01/17  (rcs-revision 1.2)
)
("C:\Program Files (x86)\MiKTeX 2.8\tex\generic\pgf\basiclayer\pgfcorepatterns.
code.tex"
File: pgfcorepatterns.code.tex 2008/01/15  (rcs-revision 1.1)
)))
("C:\Program Files (x86)\MiKTeX 2.8\tex\latex\pgf\utilities\xxcolor.sty"
Package: xxcolor 2003/10/24 ver 0.1
\XC@nummixins=\count117
\XC@countmixins=\count118
)
("C:\Program Files (x86)\MiKTeX 2.8\tex\latex\hyperref\hyperref.sty"
Package: hyperref 2009/10/19 v6.79b Hypertext links for LaTeX

("C:\Program Files (x86)\MiKTeX 2.8\tex\latex\ifxetex\ifxetex.sty"
Package: ifxetex 2009/01/23 v0.5 Provides ifxetex conditional
)
("C:\Program Files (x86)\MiKTeX 2.8\tex\latex\oberdiek\hycolor.sty"
Package: hycolor 2009/10/02 v1.5 Code for color options of hyperref/bookmark (H
O)

("C:\Program Files (x86)\MiKTeX 2.8\tex\latex\oberdiek\xcolor-patch.sty"
Package: xcolor-patch 2009/10/02 xcolor patch
))
\@linkdim=\dimen157
\Hy@linkcounter=\count119
\Hy@pagecounter=\count120

("C:\Program Files (x86)\MiKTeX 2.8\tex\latex\hyperref\pd1enc.def"
File: pd1enc.def 2009/10/19 v6.79b Hyperref: PDFDocEncoding definition (HO)
)
("C:\Program Files (x86)\MiKTeX 2.8\tex\generic\oberdiek\etexcmds.sty"
Package: etexcmds 2007/12/12 v1.2 Prefix for e-TeX command names (HO)

("C:\Program Files (x86)\MiKTeX 2.8\tex\generic\oberdiek\infwarerr.sty"
Package: infwarerr 2007/09/09 v1.2 Providing info/warning/message (HO)
)
Package etexcmds Info: Could not find \expanded.
(etexcmds)             That can mean that you are not using pdfTeX 1.50 or
(etexcmds)             that some package has redefined \expanded.
(etexcmds)             In the latter case, load this package earlier.
)
("C:\Program Files (x86)\MiKTeX 2.8\tex\latex\00miktex\hyperref.cfg"
File: hyperref.cfg 2002/06/06 v1.2 hyperref configuration of TeXLive
)
("C:\Program Files (x86)\MiKTeX 2.8\tex\latex\oberdiek\kvoptions.sty"
Package: kvoptions 2009/08/13 v3.4 Keyval support for LaTeX options (HO)

("C:\Program Files (x86)\MiKTeX 2.8\tex\generic\oberdiek\kvsetkeys.sty"
Package: kvsetkeys 2009/07/30 v1.5 Key value parser with default handler suppor
t (HO)
))
Package hyperref Info: Option `bookmarks' set `true' on input line 2864.
Package hyperref Info: Option `bookmarksopen' set `true' on input line 2864.
Package hyperref Info: Option `implicit' set `false' on input line 2864.
Package hyperref Info: Hyper figures OFF on input line 2975.
Package hyperref Info: Link nesting OFF on input line 2980.
Package hyperref Info: Hyper index ON on input line 2983.
Package hyperref Info: Plain pages OFF on input line 2990.
Package hyperref Info: Backreferencing OFF on input line 2995.

Implicit mode OFF; no redefinition of LaTeX internals
Package hyperref Info: Bookmarks ON on input line 3191.
("C:\Program Files (x86)\MiKTeX 2.8\tex\latex\ltxmisc\url.sty"
\Urlmuskip=\muskip10
Package: url 2006/04/12  ver 3.3  Verb mode for urls, etc.
)
LaTeX Info: Redefining \url on input line 3428.

("C:\Program Files (x86)\MiKTeX 2.8\tex\generic\oberdiek\bitset.sty"
Package: bitset 2007/09/28 v1.0 Data type bit set (HO)

("C:\Program Files (x86)\MiKTeX 2.8\tex\generic\oberdiek\intcalc.sty"
Package: intcalc 2007/09/27 v1.1 Expandable integer calculations (HO)
)
("C:\Program Files (x86)\MiKTeX 2.8\tex\generic\oberdiek\bigintcalc.sty"
Package: bigintcalc 2007/11/11 v1.1 Expandable big integer calculations (HO)

("C:\Program Files (x86)\MiKTeX 2.8\tex\generic\oberdiek\pdftexcmds.sty"
Package: pdftexcmds 2009/09/23 v0.6 LuaTeX support for pdfTeX utility functions
 (HO)

("C:\Program Files (x86)\MiKTeX 2.8\tex\generic\oberdiek\ifluatex.sty"
Package: ifluatex 2009/04/17 v1.2 Provides the ifluatex switch (HO)
Package ifluatex Info: LuaTeX not detected.
)
("C:\Program Files (x86)\MiKTeX 2.8\tex\generic\oberdiek\ltxcmds.sty"
Package: ltxcmds 2009/08/05 v1.0 Some LaTeX kernel commands for general use (HO
)
)
Package pdftexcmds Info: LuaTeX not detected.
Package pdftexcmds Info: \pdf@primitive is available.
Package pdftexcmds Info: \pdf@ifprimitive is available.
)))
\Fld@menulength=\count121
\Field@Width=\dimen158
\Fld@charsize=\dimen159
\Field@toks=\toks20
Package hyperref Info: Hyper figures OFF on input line 4377.
Package hyperref Info: Link nesting OFF on input line 4382.
Package hyperref Info: Hyper index ON on input line 4385.
Package hyperref Info: backreferencing OFF on input line 4392.
Package hyperref Info: Link coloring OFF on input line 4397.
Package hyperref Info: Link coloring with OCG OFF on input line 4402.
Package hyperref Info: PDF/A mode OFF on input line 4407.

("C:\Program Files (x86)\MiKTeX 2.8\tex\generic\oberdiek\atbegshi.sty"
Package: atbegshi 2008/07/31 v1.9 At begin shipout hook (HO)
)
\Hy@abspage=\count122

Hyperref stopped early
)
*hyperref using default driver hpdftex*
("C:\Program Files (x86)\MiKTeX 2.8\tex\latex\hyperref\hpdftex.def"
File: hpdftex.def 2009/10/19 v6.79b Hyperref driver for pdfTeX
\Fld@listcount=\count123
)
(C:\Users\mla\AppData\Roaming\MiKTeX\2.8\tex\latex\beamer\base\beamerbaserequir
es.sty
Package: beamerbaserequires 2010/05/01  (rcs-revision efa082c6111d)

(C:\Users\mla\AppData\Roaming\MiKTeX\2.8\tex\latex\beamer\base\beamerbasecompat
ibility.sty
Package: beamerbasecompatibility 2010/07/12  (rcs-revision 6648c3177e4e)
)
(C:\Users\mla\AppData\Roaming\MiKTeX\2.8\tex\latex\beamer\base\beamerbasefont.s
ty
Package: beamerbasefont 2010/05/10  (rcs-revision cd36e8a33c6b)
 ("C:\Program Files (x86)\MiKTeX 2.8\tex\latex\amsfonts\amssymb.sty"
Package: amssymb 2009/06/22 v3.00

("C:\Program Files (x86)\MiKTeX 2.8\tex\latex\amsfonts\amsfonts.sty"
Package: amsfonts 2009/06/22 v3.00 Basic AMSFonts support
\@emptytoks=\toks21
\symAMSa=\mathgroup4
\symAMSb=\mathgroup5
LaTeX Font Info:    Overwriting math alphabet `\mathfrak' in version `bold'
(Font)                  U/euf/m/n --> U/euf/b/n on input line 96.
)))
(C:\Users\mla\AppData\Roaming\MiKTeX\2.8\tex\latex\beamer\base\beamerbasetransl
ator.sty
Package: beamerbasetranslator 2010/06/11  (rcs-revision 85fd1cc7fc42)

(C:\Users\mla\AppData\Roaming\MiKTeX\2.8\tex\latex\beamer\base\translator\trans
lator.sty
Package: translator 2010/06/12 ver 1.10

(C:\Users\mla\AppData\Roaming\MiKTeX\2.8\tex\latex\beamer\base\translator\trans
lator-language-mappings.tex)))
(C:\Users\mla\AppData\Roaming\MiKTeX\2.8\tex\latex\beamer\base\beamerbasemisc.s
ty
Package: beamerbasemisc 2010/06/06  (rcs-revision bff0a9294b45)
)
(C:\Users\mla\AppData\Roaming\MiKTeX\2.8\tex\latex\beamer\base\beamerbasetwoscr
eens.sty
Package: beamerbasetwoscreens 2010/05/01  (rcs-revision efa082c6111d)
)
(C:\Users\mla\AppData\Roaming\MiKTeX\2.8\tex\latex\beamer\base\beamerbaseoverla
y.sty
Package: beamerbaseoverlay 2010/05/07  (rcs-revision 5584dad462a9)
\beamer@argscount=\count124
\beamer@lastskipcover=\skip44
\beamer@trivlistdepth=\count125
)
(C:\Users\mla\AppData\Roaming\MiKTeX\2.8\tex\latex\beamer\base\beamerbasetitle.
sty
Package: beamerbasetitle 2010/06/12  (rcs-revision 717e481ca47a)
)
(C:\Users\mla\AppData\Roaming\MiKTeX\2.8\tex\latex\beamer\base\beamerbasesectio
n.sty
Package: beamerbasesection 2010/06/17  (rcs-revision e0d9401bb743)
\c@lecture=\count126
\c@part=\count127
\c@section=\count128
\c@subsection=\count129
\c@subsubsection=\count130
)
(C:\Users\mla\AppData\Roaming\MiKTeX\2.8\tex\latex\beamer\base\beamerbaseframe.
sty
Package: beamerbaseframe 2010/06/06  (rcs-revision bff0a9294b45)
\beamer@framebox=\box39
\beamer@frametitlebox=\box40
\beamer@zoombox=\box41
\beamer@zoomcount=\count131
\beamer@zoomframecount=\count132
\beamer@frametextheight=\dimen160
\c@subsectionslide=\count133
\beamer@frametopskip=\skip45
\beamer@framebottomskip=\skip46
\beamer@frametopskipautobreak=\skip47
\beamer@framebottomskipautobreak=\skip48
\beamer@envbody=\toks22
\c@framenumber=\count134
)
(C:\Users\mla\AppData\Roaming\MiKTeX\2.8\tex\latex\beamer\base\beamerbaseverbat
im.sty
Package: beamerbaseverbatim 2010/05/01  (rcs-revision efa082c6111d)
\beamer@verbatimfileout=\write3
)
(C:\Users\mla\AppData\Roaming\MiKTeX\2.8\tex\latex\beamer\base\beamerbaseframes
ize.sty
Package: beamerbaseframesize 2010/06/27  (rcs-revision 6baa2d92e6f1)
\beamer@splitbox=\box42
\beamer@autobreakcount=\count135
\beamer@autobreaklastheight=\dimen161
\beamer@frametitletoks=\toks23
\beamer@framesubtitletoks=\toks24
)
(C:\Users\mla\AppData\Roaming\MiKTeX\2.8\tex\latex\beamer\base\beamerbaseframec
omponents.sty
Package: beamerbaseframecomponents 2010/07/12  (rcs-revision 09e82992d9b1)
\beamer@footins=\box43
)
(C:\Users\mla\AppData\Roaming\MiKTeX\2.8\tex\latex\beamer\base\beamerbasecolor.
sty
Package: beamerbasecolor 2010/06/06  (rcs-revision d1a9b48be06d)
)
(C:\Users\mla\AppData\Roaming\MiKTeX\2.8\tex\latex\beamer\base\beamerbasenotes.
sty
Package: beamerbasenotes 2010/05/01  (rcs-revision efa082c6111d)
\beamer@frameboxcopy=\box44
)
(C:\Users\mla\AppData\Roaming\MiKTeX\2.8\tex\latex\beamer\base\beamerbasetoc.st
y
Package: beamerbasetoc 2010/06/11  (rcs-revision 242ecaa6783b)
)
(C:\Users\mla\AppData\Roaming\MiKTeX\2.8\tex\latex\beamer\base\beamerbasetempla
tes.sty
Package: beamerbasetemplates 2010/05/01  (rcs-revision efa082c6111d)
\beamer@sbttoks=\toks25

(C:\Users\mla\AppData\Roaming\MiKTeX\2.8\tex\latex\beamer\base\beamerbaseauxtem
plates.sty
Package: beamerbaseauxtemplates 2010/05/01  (rcs-revision efa082c6111d)

(C:\Users\mla\AppData\Roaming\MiKTeX\2.8\tex\latex\beamer\base\beamerbaseboxes.
sty
Package: beamerbaseboxes 2010/05/01  (rcs-revision efa082c6111d)
\bmb@box=\box45
\bmb@colorbox=\box46
\bmb@boxshadow=\box47
\bmb@boxshadowball=\box48
\bmb@boxshadowballlarge=\box49
\bmb@temp=\dimen162
\bmb@dima=\dimen163
\bmb@dimb=\dimen164
\bmb@prevheight=\dimen165
)
\beamer@blockheadheight=\dimen166
))
(C:\Users\mla\AppData\Roaming\MiKTeX\2.8\tex\latex\beamer\base\beamerbaselocals
tructure.sty
Package: beamerbaselocalstructure 2010/06/01  (rcs-revision 81f9e33f7cc2)
 ("C:\Program Files (x86)\MiKTeX 2.8\tex\latex\tools\enumerate.sty"
Package: enumerate 1999/03/05 v3.00 enumerate extensions (DPC)
\@enLab=\toks26
)
\c@figure=\count136
\c@table=\count137
\abovecaptionskip=\skip49
\belowcaptionskip=\skip50
)
(C:\Users\mla\AppData\Roaming\MiKTeX\2.8\tex\latex\beamer\base\beamerbasenaviga
tion.sty
Package: beamerbasenavigation 2010/05/01  (rcs-revision efa082c6111d)
)
(C:\Users\mla\AppData\Roaming\MiKTeX\2.8\tex\latex\beamer\base\beamerbasetheore
ms.sty
Package: beamerbasetheorems 2010/06/06  (rcs-revision 7e7cc5e53e9d)
 ("C:\Program Files (x86)\MiKTeX 2.8\tex\latex\ams\math\amsmath.sty"
Package: amsmath 2000/07/18 v2.13 AMS math features
\@mathmargin=\skip51

For additional information on amsmath, use the `?' option.
("C:\Program Files (x86)\MiKTeX 2.8\tex\latex\ams\math\amstext.sty"
Package: amstext 2000/06/29 v2.01

("C:\Program Files (x86)\MiKTeX 2.8\tex\latex\ams\math\amsgen.sty"
File: amsgen.sty 1999/11/30 v2.0
\@emptytoks=\toks27
\ex@=\dimen167
))
("C:\Program Files (x86)\MiKTeX 2.8\tex\latex\ams\math\amsbsy.sty"
Package: amsbsy 1999/11/29 v1.2d
\pmbraise@=\dimen168
)
("C:\Program Files (x86)\MiKTeX 2.8\tex\latex\ams\math\amsopn.sty"
Package: amsopn 1999/12/14 v2.01 operator names
)
\inf@bad=\count138
LaTeX Info: Redefining \frac on input line 211.
\uproot@=\count139
\leftroot@=\count140
LaTeX Info: Redefining \overline on input line 307.
\classnum@=\count141
\DOTSCASE@=\count142
LaTeX Info: Redefining \ldots on input line 379.
LaTeX Info: Redefining \dots on input line 382.
LaTeX Info: Redefining \cdots on input line 467.
\Mathstrutbox@=\box50
\strutbox@=\box51
\big@size=\dimen169
LaTeX Font Info:    Redeclaring font encoding OML on input line 567.
LaTeX Font Info:    Redeclaring font encoding OMS on input line 568.
\macc@depth=\count143
\c@MaxMatrixCols=\count144
\dotsspace@=\muskip11
\c@parentequation=\count145
\dspbrk@lvl=\count146
\tag@help=\toks28
\row@=\count147
\column@=\count148
\maxfields@=\count149
\andhelp@=\toks29
\eqnshift@=\dimen170
\alignsep@=\dimen171
\tagshift@=\dimen172
\tagwidth@=\dimen173
\totwidth@=\dimen174
\lineht@=\dimen175
\@envbody=\toks30
\multlinegap=\skip52
\multlinetaggap=\skip53
\mathdisplay@stack=\toks31
LaTeX Info: Redefining \[ on input line 2666.
LaTeX Info: Redefining \] on input line 2667.
)
("C:\Program Files (x86)\MiKTeX 2.8\tex\latex\ams\classes\amsthm.sty"
Package: amsthm 2004/08/06 v2.20
\thm@style=\toks32
\thm@bodyfont=\toks33
\thm@headfont=\toks34
\thm@notefont=\toks35
\thm@headpunct=\toks36
\thm@preskip=\skip54
\thm@postskip=\skip55
\thm@headsep=\skip56
\dth@everypar=\toks37
)
\c@theorem=\count150
)
(C:\Users\mla\AppData\Roaming\MiKTeX\2.8\tex\latex\beamer\base\beamerbasethemes
.sty
Package: beamerbasethemes 2010/05/01  (rcs-revision efa082c6111d)
))
(C:\Users\mla\AppData\Roaming\MiKTeX\2.8\tex\latex\beamer\base\themes\theme\bea
merthemedefault.sty
Package: beamerthemedefault 2010/06/17  (rcs-revision d02a7cf4d8ae)

(C:\Users\mla\AppData\Roaming\MiKTeX\2.8\tex\latex\beamer\base\themes\font\beam
erfontthemedefault.sty
Package: beamerfontthemedefault 2010/06/17  (rcs-revision d02a7cf4d8ae)
)
(C:\Users\mla\AppData\Roaming\MiKTeX\2.8\tex\latex\beamer\base\themes\color\bea
mercolorthemedefault.sty
Package: beamercolorthemedefault 2010/06/17  (rcs-revision d02a7cf4d8ae)
)
(C:\Users\mla\AppData\Roaming\MiKTeX\2.8\tex\latex\beamer\base\themes\inner\bea
merinnerthemedefault.sty
Package: beamerinnerthemedefault 2010/06/17  (rcs-revision d02a7cf4d8ae)
\beamer@dima=\dimen176
\beamer@dimb=\dimen177
)
(C:\Users\mla\AppData\Roaming\MiKTeX\2.8\tex\latex\beamer\base\themes\outer\bea
merouterthemedefault.sty
Package: beamerouterthemedefault 2010/06/17  (rcs-revision d02a7cf4d8ae)
)))
("C:\Program Files (x86)\MiKTeX 2.8\tex\latex\jknappen\mathrsfs.sty"
Package: mathrsfs 1996/01/01 Math RSFS package v1.0 (jk)
\symrsfs=\mathgroup6
)
("C:\Program Files (x86)\MiKTeX 2.8\tex\latex\ltxmisc\braket.sty")
("C:\Program Files (x86)\MiKTeX 2.8\tex\latex\oberdiek\epstopdf.sty"
Package: epstopdf 2009/10/17 v2.4 Conversion with epstopdf on the fly (HO)

("C:\Program Files (x86)\MiKTeX 2.8\tex\latex\oberdiek\epstopdf-base.sty"
Package: epstopdf-base 2009/10/17 v2.4 Base part for package epstopdf

("C:\Program Files (x86)\MiKTeX 2.8\tex\latex\oberdiek\grfext.sty"
Package: grfext 2007/09/30 v1.0 Managing graphics extensions (HO)
)
Package grfext Info: Graphics extension search list:
(grfext)             [.png,.pdf,.jpg,.mps,.jpeg,.jbig2,.jb2,.PNG,.PDF,.JPG,.JPE
G,.JBIG2,.JB2,.eps]
(grfext)             \AppendGraphicsExtensions on input line 433.
))
("C:\Program Files (x86)\MiKTeX 2.8\tex\latex\wrapfig\wrapfig.sty"
\wrapoverhang=\dimen178
\WF@size=\dimen179
\c@WF@wrappedlines=\count151
\WF@box=\box52
\WF@everypar=\toks38
Package: wrapfig 2003/01/31  v 3.6
)
("C:\Users\mla\Documents\My Dropbox\_Proposal\proposal_pres.aux"

LaTeX Warning: Label `fkmodel' multiply defined.


LaTeX Warning: Label `fkmodel' multiply defined.


LaTeX Warning: Label `jj-energy' multiply defined.


LaTeX Warning: Label `ldos-jj' multiply defined.

)
LaTeX Font Info:    Checking defaults for OML/cmm/m/it on input line 38.
LaTeX Font Info:    ... okay on input line 38.
LaTeX Font Info:    Checking defaults for T1/cmr/m/n on input line 38.
LaTeX Font Info:    ... okay on input line 38.
LaTeX Font Info:    Checking defaults for OT1/cmr/m/n on input line 38.
LaTeX Font Info:    ... okay on input line 38.
LaTeX Font Info:    Checking defaults for OMS/cmsy/m/n on input line 38.
LaTeX Font Info:    ... okay on input line 38.
LaTeX Font Info:    Checking defaults for OMX/cmex/m/n on input line 38.
LaTeX Font Info:    ... okay on input line 38.
LaTeX Font Info:    Checking defaults for U/cmr/m/n on input line 38.
LaTeX Font Info:    ... okay on input line 38.
LaTeX Font Info:    Checking defaults for PD1/pdf/m/n on input line 38.
LaTeX Font Info:    ... okay on input line 38.

*geometry auto-detecting driver*
*geometry detected driver: pdftex*
-------------------- Geometry parameters
paper: user defined
landscape: --
twocolumn: --
twoside: --
asymmetric: --
h-parts: 28.45274pt, 307.28987pt, 28.45274pt
v-parts: 0.0pt, 273.14662pt, 0.0pt
hmarginratio: --
vmarginratio: --
lines: --
heightrounded: --
bindingoffset: 0.0pt
truedimen: --
includehead: true
includefoot: true
includemp: --
driver: pdftex
-------------------- Page layout dimensions and switches
\paperwidth  364.19536pt
\paperheight 273.14662pt
\textwidth  307.28987pt
\textheight 244.6939pt
\oddsidemargin  -43.81725pt
\evensidemargin -43.81725pt
\topmargin  -72.26999pt
\headheight 14.22636pt
\headsep    0.0pt
\footskip   14.22636pt
\marginparwidth 4.0pt
\marginparsep   10.0pt
\columnsep  10.0pt
\skip\footins  10.0pt plus 4.0pt minus 2.0pt
\hoffset 0.0pt
\voffset 0.0pt
\mag 1000

(1in=72.27pt, 1cm=28.45pt)
-----------------------
("C:\Program Files (x86)\MiKTeX 2.8\tex\context\base\supp-pdf.tex"
[Loading MPS to PDF converter (version 2006.09.02).]
\scratchcounter=\count152
\scratchdimen=\dimen180
\scratchbox=\box53
\nofMPsegments=\count153
\nofMParguments=\count154
\everyMPshowfont=\toks39
\MPscratchCnt=\count155
\MPscratchDim=\dimen181
\MPnumerator=\count156
\everyMPtoPDFconversion=\toks40
)
Package hyperref Info: Link coloring OFF on input line 38.
 ("C:\Program Files (x86)\MiKTeX 2.8\tex\latex\hyperref\nameref.sty"
Package: nameref 2007/05/29 v2.31 Cross-referencing by name of section

("C:\Program Files (x86)\MiKTeX 2.8\tex\latex\oberdiek\refcount.sty"
Package: refcount 2008/08/11 v3.1 Data extraction from references (HO)
)
\c@section@level=\count157
)
LaTeX Info: Redefining \ref on input line 38.
LaTeX Info: Redefining \pageref on input line 38.

("C:\Users\mla\Documents\My Dropbox\_Proposal\proposal_pres.out")
("C:\Users\mla\Documents\My Dropbox\_Proposal\proposal_pres.out")
\@outlinefile=\write4
\AtBeginShipoutBox=\box54
LaTeX Font Info:    Overwriting symbol font `operators' in version `normal'
(Font)                  OT1/cmr/m/n --> OT1/cmss/m/n on input line 38.
LaTeX Font Info:    Overwriting symbol font `operators' in version `bold'
(Font)                  OT1/cmr/bx/n --> OT1/cmss/bx/n on input line 38.
\symnumbers=\mathgroup7
\sympureletters=\mathgroup8
LaTeX Font Info:    Overwriting math alphabet `\mathrm' in version `normal'
(Font)                  OT1/cmss/m/n --> OT1/cmr/m/n on input line 38.
LaTeX Font Info:    Redeclaring math alphabet \mathbf on input line 38.
LaTeX Font Info:    Overwriting math alphabet `\mathbf' in version `normal'
(Font)                  OT1/cmr/bx/n --> OT1/cmss/bx/n on input line 38.
LaTeX Font Info:    Overwriting math alphabet `\mathbf' in version `bold'
(Font)                  OT1/cmr/bx/n --> OT1/cmss/bx/n on input line 38.
LaTeX Font Info:    Redeclaring math alphabet \mathsf on input line 38.
LaTeX Font Info:    Overwriting math alphabet `\mathsf' in version `normal'
(Font)                  OT1/cmss/m/n --> OT1/cmss/m/n on input line 38.
LaTeX Font Info:    Overwriting math alphabet `\mathsf' in version `bold'
(Font)                  OT1/cmss/bx/n --> OT1/cmss/m/n on input line 38.
LaTeX Font Info:    Redeclaring math alphabet \mathit on input line 38.
LaTeX Font Info:    Overwriting math alphabet `\mathit' in version `normal'
(Font)                  OT1/cmr/m/it --> OT1/cmss/m/it on input line 38.
LaTeX Font Info:    Overwriting math alphabet `\mathit' in version `bold'
(Font)                  OT1/cmr/bx/it --> OT1/cmss/m/it on input line 38.
LaTeX Font Info:    Redeclaring math alphabet \mathtt on input line 38.
LaTeX Font Info:    Overwriting math alphabet `\mathtt' in version `normal'
(Font)                  OT1/cmtt/m/n --> OT1/cmtt/m/n on input line 38.
LaTeX Font Info:    Overwriting math alphabet `\mathtt' in version `bold'
(Font)                  OT1/cmtt/m/n --> OT1/cmtt/m/n on input line 38.
LaTeX Font Info:    Overwriting symbol font `numbers' in version `bold'
(Font)                  OT1/cmss/m/n --> OT1/cmss/bx/n on input line 38.
LaTeX Font Info:    Overwriting symbol font `pureletters' in version `bold'
(Font)                  OT1/cmss/m/it --> OT1/cmss/bx/it on input line 38.
LaTeX Font Info:    Overwriting math alphabet `\mathrm' in version `bold'
(Font)                  OT1/cmss/bx/n --> OT1/cmr/bx/n on input line 38.
LaTeX Font Info:    Overwriting math alphabet `\mathbf' in version `bold'
(Font)                  OT1/cmss/bx/n --> OT1/cmss/bx/n on input line 38.
LaTeX Font Info:    Overwriting math alphabet `\mathsf' in version `bold'
(Font)                  OT1/cmss/m/n --> OT1/cmss/bx/n on input line 38.
LaTeX Font Info:    Overwriting math alphabet `\mathit' in version `bold'
(Font)                  OT1/cmss/m/it --> OT1/cmss/bx/it on input line 38.
LaTeX Font Info:    Overwriting math alphabet `\mathtt' in version `bold'
(Font)                  OT1/cmtt/m/n --> OT1/cmtt/bx/n on input line 38.

(C:\Users\mla\AppData\Roaming\MiKTeX\2.8\tex\latex\beamer\base\translator\dicts
\translator-basic-dictionary\translator-basic-dictionary-English.dict
Dictionary: translator-basic-dictionary, Language: English 
)
(C:\Users\mla\AppData\Roaming\MiKTeX\2.8\tex\latex\beamer\base\translator\dicts
\translator-bibliography-dictionary\translator-bibliography-dictionary-English.
dict
Dictionary: translator-bibliography-dictionary, Language: English 
)
(C:\Users\mla\AppData\Roaming\MiKTeX\2.8\tex\latex\beamer\base\translator\dicts
\translator-environment-dictionary\translator-environment-dictionary-English.di
ct
Dictionary: translator-environment-dictionary, Language: English 
)
(C:\Users\mla\AppData\Roaming\MiKTeX\2.8\tex\latex\beamer\base\translator\dicts
\translator-months-dictionary\translator-months-dictionary-English.dict
Dictionary: translator-months-dictionary, Language: English 
)
(C:\Users\mla\AppData\Roaming\MiKTeX\2.8\tex\latex\beamer\base\translator\dicts
\translator-numbers-dictionary\translator-numbers-dictionary-English.dict
Dictionary: translator-numbers-dictionary, Language: English 
)
(C:\Users\mla\AppData\Roaming\MiKTeX\2.8\tex\latex\beamer\base\translator\dicts
\translator-theorem-dictionary\translator-theorem-dictionary-English.dict
Dictionary: translator-theorem-dictionary, Language: English 
)
("C:\Users\mla\Documents\My Dropbox\_Proposal\proposal_pres.nav")
<include/nist.png, id=10, 647.41875pt x 170.6375pt>
File: include/nist.png Graphic file (type png)
 <use include/nist.png>
Package epstopdf Info: Source file: <include/gmu.eps>
(epstopdf)                    date: 2011-03-04 20:55:30
(epstopdf)                    size: 218390 bytes
(epstopdf)             Output file: <include/gmu-eps-converted-to.pdf>
(epstopdf)                    date: 2011-03-04 20:56:37
(epstopdf)                    size: 5721 bytes
(epstopdf)             Command: <epstopdf --outfile=include/gmu-eps-converted-t
o.pdf include/gmu.eps>
(epstopdf)             \includegraphics on input line 48.
Package epstopdf Info: Output file is already uptodate.

<include/gmu-eps-converted-to.pdf, id=12, 145.54375pt x 95.35625pt>
File: include/gmu-eps-converted-to.pdf Graphic file (type pdf)

<use include/gmu-eps-converted-to.pdf>
<include/onr.jpg, id=13, 596.4684pt x 268.3626pt>
File: include/onr.jpg Graphic file (type jpg)
 <use include/onr.jpg>

LaTeX Font Warning: Font shape `OT1/cmss/m/n' in size <4> not available
(Font)              size <5> substituted on input line 48.

[1

{C:/Users/mla/AppData/Local/MiKTeX/2.8/pdftex/config/pdftex.map} <C:/Users/mla/
Documents/My Dropbox/_Proposal/include/nist.png> <C:/Users/mla/Documents/My Dro
pbox/_Proposal/include/gmu-eps-converted-to.pdf> <C:/Users/mla/Documents/My Dro
pbox/_Proposal/include/onr.jpg>] [2

]
<bands2.png, id=72, 1165.956pt x 270.611pt>
File: bands2.png Graphic file (type png)
 <use bands2.png> [3

 <C:/Users/mla/Documents/My Dropbox/_Proposal/bands2.png>]
<qhall.png, id=99, 241.50224pt x 115.02975pt>
File: qhall.png Graphic file (type png)
 <use qhall.png> [4

 <C:/Users/mla/Documents/My Dropbox/_Proposal/qhall.png (PNG copy)>]
File: bands2.png Graphic file (type png)
 <use bands2.png> [5

]
LaTeX Font Info:    Try loading font information for U+msa on input line 112.

("C:\Program Files (x86)\MiKTeX 2.8\tex\latex\amsfonts\umsa.fd"
File: umsa.fd 2009/06/22 v3.00 AMS symbols A
)
LaTeX Font Info:    Try loading font information for U+msb on input line 112.

("C:\Program Files (x86)\MiKTeX 2.8\tex\latex\amsfonts\umsb.fd"
File: umsb.fd 2009/06/22 v3.00 AMS symbols B
)
LaTeX Font Info:    Try loading font information for U+rsfs on input line 112.

("C:\Program Files (x86)\MiKTeX 2.8\tex\latex\jknappen\ursfs.fd"
File: ursfs.fd 1998/03/24 rsfs font definition file (jk)
)
Package epstopdf Info: Source file: <bulk1.eps>
(epstopdf)                    date: 2011-12-12 19:38:24
(epstopdf)                    size: 126020 bytes
(epstopdf)             Output file: <bulk1-eps-converted-to.pdf>
(epstopdf)                    date: 2011-12-12 19:40:37
(epstopdf)                    size: 7786 bytes
(epstopdf)             Command: <epstopdf --outfile=bulk1-eps-converted-to.pdf 
bulk1.eps>
(epstopdf)             \includegraphics on input line 112.
Package epstopdf Info: Output file is already uptodate.

<bulk1-eps-converted-to.pdf, id=150, 240.9pt x 149.55875pt>
File: bulk1-eps-converted-to.pdf Graphic file (type pdf)

<use bulk1-eps-converted-to.pdf> [6

 <C:/Users/mla/Documents/My Dropbox/_Proposal/bulk1-eps-converted-to.pdf>]
Package epstopdf Info: Source file: <bulk2.eps>
(epstopdf)                    date: 2011-12-12 19:38:47
(epstopdf)                    size: 132249 bytes
(epstopdf)             Output file: <bulk2-eps-converted-to.pdf>
(epstopdf)                    date: 2011-12-12 19:40:40
(epstopdf)                    size: 8925 bytes
(epstopdf)             Command: <epstopdf --outfile=bulk2-eps-converted-to.pdf 
bulk2.eps>
(epstopdf)             \includegraphics on input line 122.
Package epstopdf Info: Output file is already uptodate.

<bulk2-eps-converted-to.pdf, id=186, 240.9pt x 149.55875pt>
File: bulk2-eps-converted-to.pdf Graphic file (type pdf)

<use bulk2-eps-converted-to.pdf> [7

 <C:/Users/mla/Documents/My Dropbox/_Proposal/bulk2-eps-converted-to.pdf>]
Package epstopdf Info: Source file: <bulk3.eps>
(epstopdf)                    date: 2011-12-12 19:39:10
(epstopdf)                    size: 139070 bytes
(epstopdf)             Output file: <bulk3-eps-converted-to.pdf>
(epstopdf)                    date: 2011-12-12 19:40:41
(epstopdf)                    size: 9981 bytes
(epstopdf)             Command: <epstopdf --outfile=bulk3-eps-converted-to.pdf 
bulk3.eps>
(epstopdf)             \includegraphics on input line 132.
Package epstopdf Info: Output file is already uptodate.

<bulk3-eps-converted-to.pdf, id=221, 240.9pt x 149.55875pt>
File: bulk3-eps-converted-to.pdf Graphic file (type pdf)

<use bulk3-eps-converted-to.pdf> [8

 <C:/Users/mla/Documents/My Dropbox/_Proposal/bulk3-eps-converted-to.pdf>] [9

] [10

]
<floquet.jpg, id=305, 949.5475pt x 843.15pt>
File: floquet.jpg Graphic file (type jpg)
 <use floquet.jpg>
Overfull \vbox (17.41766pt too high) detected at line 153
 []

[11

 <C:/Users/mla/Documents/My Dropbox/_Proposal/floquet.jpg>]
<diraccone.png, id=331, 535.2497pt x 399.74344pt>
File: diraccone.png Graphic file (type png)
 <use diraccone.png> [12

 <C:/Users/mla/Documents/My Dropbox/_Proposal/diraccone.png (PNG copy)>] [13

]
[14

] [15

] <devices.png, id=435, 561.297pt x 174.6525pt>
File: devices.png Graphic file (type png)
 <use devices.png>
Overfull \hbox (17.92513pt too wide) in paragraph at lines 199--199
 [] 
 []

[16

 <C:/Users/mla/Documents/My Dropbox/_Proposal/devices.png (PNG copy)>]
<geometry.pdf, id=461, 885.62582pt x 457.45143pt>
File: geometry.pdf Graphic file (type pdf)
 <use geometry.pdf> [17

 <C:/Users/mla/Documents/My Dropbox/_Proposal/geometry.pdf>] [18

]
<scatt.pdf, id=563, 301.125pt x 369.38pt>
File: scatt.pdf Graphic file (type pdf)
 <use scatt.pdf>
Overfull \hbox (19.80263pt too wide) in paragraph at lines 267--267
[][] 
 []

[19

 <C:/Users/mla/Documents/My Dropbox/_Proposal/scatt.pdf>]
<timlattice.png, id=627, 462.528pt x 247.52475pt>
File: timlattice.png Graphic file (type png)
 <use timlattice.png>
Overfull \hbox (17.92513pt too wide) in paragraph at lines 275--275
 [] 
 []

[20

 <C:/Users/mla/Documents/My Dropbox/_Proposal/timlattice.png (PNG copy)>]
<j1.pdf, id=653, 542.025pt x 503.8825pt>
File: j1.pdf Graphic file (type pdf)
 <use j1.pdf>
<j2.pdf, id=654, 542.025pt x 503.8825pt>
File: j2.pdf Graphic file (type pdf)
 <use j2.pdf> [21

 <C:/Users/mla/Documents/My Dropbox/_Proposal/j1.pdf> <C:/Users/mla/Documents/M
y Dropbox/_Proposal/j2.pdf>] <la1.pdf, id=696, 240.9pt x 223.84729pt>
File: la1.pdf Graphic file (type pdf)
 <use la1.pdf>
<la2.pdf, id=697, 240.9pt x 213.32397pt>
File: la2.pdf Graphic file (type pdf)
 <use la2.pdf> [22

 <C:/Users/mla/Documents/My Dropbox/_Proposal/la1.pdf> <C:/Users/mla/Documents/
My Dropbox/_Proposal/la2.pdf>] <f2.pdf, id=750, 321.2pt x 294.1349pt>
File: f2.pdf Graphic file (type pdf)
 <use f2.pdf>
<f4.pdf, id=751, 321.2pt x 294.76926pt>
File: f4.pdf Graphic file (type pdf)
 <use f4.pdf>

LaTeX Warning: Command \r invalid in math mode on input line 331.


LaTeX Warning: Citation `heine63' on page 23 undefined on input line 331.


LaTeX Warning: Command \r invalid in math mode on input line 331.


LaTeX Warning: Citation `heine63' on page 23 undefined on input line 331.

[23

 <C:/Users/mla/Documents/My Dropbox/_Proposal/f2.pdf> <C:/Users/mla/Documents/M
y Dropbox/_Proposal/f4.pdf>] [24

] [25

]
<include/fukane-prl.png, id=847, 1184.17406pt x 485.56406pt>
File: include/fukane-prl.png Graphic file (type png)

<use include/fukane-prl.png>
<include/majorana2.png, id=848, 407.924pt x 238.491pt>
File: include/majorana2.png Graphic file (type png)

<use include/majorana2.png> [26

 <C:/Users/mla/Documents/My Dropbox/_Proposal/include/fukane-prl.png (PNG copy)
> <C:/Users/mla/Documents/My Dropbox/_Proposal/include/majorana2.png>] <include
/braid.png, id=875, 260.77425pt x 287.8755pt>
File: include/braid.png Graphic file (type png)

<use include/braid.png>
<include/milk-carton.jpg, id=876, 100.7765pt x 189.508pt>
File: include/milk-carton.jpg Graphic file (type jpg)

<use include/milk-carton.jpg> [27

 <C:/Users/mla/Documents/My Dropbox/_Proposal/include/braid.png (PNG copy)> <C:
/Users/mla/Documents/My Dropbox/_Proposal/include/milk-carton.jpg>] [28

] [29

]
<include/block.png, id=953, 540.419pt x 363.759pt>
File: include/block.png Graphic file (type png)
 <use include/block.png>
[30

 <C:/Users/mla/Documents/My Dropbox/_Proposal/include/block.png>] [31

]
<include/metalband.png, id=1006, 617.507pt x 631.961pt>
File: include/metalband.png Graphic file (type png)

<use include/metalband.png>
Overfull \hbox (34.28459pt too wide) in paragraph at lines 518--518
[][] 
 []


Underfull \hbox (badness 10000) in paragraph at lines 518--518

 []

[32

 <C:/Users/mla/Documents/My Dropbox/_Proposal/include/metalband.png>]
Package epstopdf Info: Source file: <include/setup.eps>
(epstopdf)                    date: 2011-01-14 12:15:18
(epstopdf)                    size: 28467 bytes
(epstopdf)             Output file: <include/setup-eps-converted-to.pdf>
(epstopdf)                    date: 2011-02-07 23:14:43
(epstopdf)                    size: 12331 bytes
(epstopdf)             Command: <epstopdf --outfile=include/setup-eps-converted
-to.pdf include/setup.eps>
(epstopdf)             \includegraphics on input line 529.
Package epstopdf Info: Output file is already uptodate.

<include/setup-eps-converted-to.pdf, id=1033, 369.38pt x 194.7275pt>
File: include/setup-eps-converted-to.pdf Graphic file (type pdf)

<use include/setup-eps-converted-to.pdf> [33

 <C:/Users/mla/Documents/My Dropbox/_Proposal/include/setup-eps-converted-to.pd
f>]

LaTeX Font Warning: Font shape `OT1/cmss/bx/it' undefined
(Font)              using `OT1/cmss/bx/n' instead on input line 553.

[34

] <include/particlebox.png, id=1092, 562.903pt x 240.097pt>
File: include/particlebox.png Graphic file (type png)

<use include/particlebox.png> [35

 <C:/Users/mla/Documents/My Dropbox/_Proposal/include/particlebox.png>]
Package epstopdf Info: Source file: <include/dtchemi.eps>
(epstopdf)                    date: 2010-12-12 11:28:15
(epstopdf)                    size: 27978 bytes
(epstopdf)             Output file: <include/dtchemi-eps-converted-to.pdf>
(epstopdf)                    date: 2011-02-07 23:14:46
(epstopdf)                    size: 11035 bytes
(epstopdf)             Command: <epstopdf --outfile=include/dtchemi-eps-convert
ed-to.pdf include/dtchemi.eps>
(epstopdf)             \includegraphics on input line 617.
Package epstopdf Info: Output file is already uptodate.

<include/dtchemi-eps-converted-to.pdf, id=1120, 361.35pt x 252.945pt>
File: include/dtchemi-eps-converted-to.pdf Graphic file (type pdf)

<use include/dtchemi-eps-converted-to.pdf> [36

 <C:/Users/mla/Documents/My Dropbox/_Proposal/include/dtchemi-eps-converted-to.
pdf>]
Package epstopdf Info: Source file: <include/pwave.eps>
(epstopdf)                    date: 2011-01-06 11:24:14
(epstopdf)                    size: 42269 bytes
(epstopdf)             Output file: <include/pwave-eps-converted-to.pdf>
(epstopdf)                    date: 2011-02-07 23:14:52
(epstopdf)                    size: 20144 bytes
(epstopdf)             Command: <epstopdf --outfile=include/pwave-eps-converted
-to.pdf include/pwave.eps>
(epstopdf)             \includegraphics on input line 632.
Package epstopdf Info: Output file is already uptodate.

<include/pwave-eps-converted-to.pdf, id=1153, 361.35pt x 252.945pt>
File: include/pwave-eps-converted-to.pdf Graphic file (type pdf)

<use include/pwave-eps-converted-to.pdf> [37

 <C:/Users/mla/Documents/My Dropbox/_Proposal/include/pwave-eps-converted-to.pd
f>]
Package epstopdf Info: Source file: <include/levels.eps>
(epstopdf)                    date: 2010-12-13 13:53:06
(epstopdf)                    size: 30030 bytes
(epstopdf)             Output file: <include/levels-eps-converted-to.pdf>
(epstopdf)                    date: 2011-02-07 23:14:47
(epstopdf)                    size: 18277 bytes
(epstopdf)             Command: <epstopdf --outfile=include/levels-eps-converte
d-to.pdf include/levels.eps>
(epstopdf)             \includegraphics on input line 658.
Package epstopdf Info: Output file is already uptodate.

<include/levels-eps-converted-to.pdf, id=1187, 361.35pt x 252.945pt>
File: include/levels-eps-converted-to.pdf Graphic file (type pdf)

<use include/levels-eps-converted-to.pdf> [38

 <C:/Users/mla/Documents/My Dropbox/_Proposal/include/levels-eps-converted-to.p
df>]
Package epstopdf Info: Source file: <include/disp-mu.eps>
(epstopdf)                    date: 2010-12-13 13:31:52
(epstopdf)                    size: 30222 bytes
(epstopdf)             Output file: <include/disp-mu-eps-converted-to.pdf>
(epstopdf)                    date: 2011-02-07 23:14:48
(epstopdf)                    size: 11722 bytes
(epstopdf)             Command: <epstopdf --outfile=include/disp-mu-eps-convert
ed-to.pdf include/disp-mu.eps>
(epstopdf)             \includegraphics on input line 670.
Package epstopdf Info: Output file is already uptodate.

<include/disp-mu-eps-converted-to.pdf, id=1219, 361.35pt x 252.945pt>
File: include/disp-mu-eps-converted-to.pdf Graphic file (type pdf)

<use include/disp-mu-eps-converted-to.pdf>
LaTeX Font Info:    Try loading font information for OMS+cmss on input line 670
.
LaTeX Font Info:    No file OMScmss.fd. on input line 670.


LaTeX Font Warning: Font shape `OMS/cmss/m/n' undefined
(Font)              using `OMS/cmsy/m/n' instead
(Font)              for symbol `textbraceleft' on input line 670.

[39

 <C:/Users/mla/Documents/My Dropbox/_Proposal/include/disp-mu-eps-converted-to.
pdf>]
Package epstopdf Info: Source file: <include/spweight.eps>
(epstopdf)                    date: 2010-12-19 15:37:40
(epstopdf)                    size: 27673 bytes
(epstopdf)             Output file: <include/spweight-eps-converted-to.pdf>
(epstopdf)                    date: 2011-02-07 23:14:50
(epstopdf)                    size: 17936 bytes
(epstopdf)             Command: <epstopdf --outfile=include/spweight-eps-conver
ted-to.pdf include/spweight.eps>
(epstopdf)             \includegraphics on input line 681.
Package epstopdf Info: Output file is already uptodate.

<include/spweight-eps-converted-to.pdf, id=1252, 361.35pt x 252.945pt>
File: include/spweight-eps-converted-to.pdf Graphic file (type pdf)

<use include/spweight-eps-converted-to.pdf> [40

 <C:/Users/mla/Documents/My Dropbox/_Proposal/include/spweight-eps-converted-to
.pdf>] [41

] [42

]
<setup.png, id=1335, 721.897pt x 616.704pt>
File: setup.png Graphic file (type png)
 <use setup.png> [43

 <C:/Users/mla/Documents/My Dropbox/_Proposal/setup.png>]pdfTeX warning (ext4):
 destination with the same identifier (name{fkmodel}) has been already used, du
plicate ignored
<to be read again> 
                   \relax 
l.753 \end{frame}
                  [44

] [45

]pdfTeX warning (ext4): destination with the same identifier (name{fkmodel}) ha
s been already used, duplicate ignored
<to be read again> 
                   \relax 
l.820 \end{frame}
                 
Overfull \vbox (68.86041pt too high) detected at line 820
 []

[46


]
Package epstopdf Info: Source file: <energy_zero.eps>
(epstopdf)                    date: 2011-12-06 23:21:09
(epstopdf)                    size: 199004 bytes
(epstopdf)             Output file: <energy_zero-eps-converted-to.pdf>
(epstopdf)                    date: 2011-12-06 23:24:37
(epstopdf)                    size: 84979 bytes
(epstopdf)             Command: <epstopdf --outfile=energy_zero-eps-converted-t
o.pdf energy_zero.eps>
(epstopdf)             \includegraphics on input line 830.
Package epstopdf Info: Output file is already uptodate.
 <energy_zero-eps-converted-to.pdf, id=1440, 229.85875pt x 229.85875pt>
File: energy_zero-eps-converted-to.pdf Graphic file (type pdf)

<use energy_zero-eps-converted-to.pdf>
Overfull \vbox (16.26398pt too high) detected at line 830
 []

[47

 <C:/Users/mla/Documents/My Dropbox/_Proposal/energy_zero-eps-converted-to.pdf>
]
Package epstopdf Info: Source file: <energy_pi.eps>
(epstopdf)                    date: 2011-12-06 23:19:17
(epstopdf)                    size: 199151 bytes
(epstopdf)             Output file: <energy_pi-eps-converted-to.pdf>
(epstopdf)                    date: 2011-12-06 23:25:07
(epstopdf)                    size: 84770 bytes
(epstopdf)             Command: <epstopdf --outfile=energy_pi-eps-converted-to.
pdf energy_pi.eps>
(epstopdf)             \includegraphics on input line 840.
Package epstopdf Info: Output file is already uptodate.
 <energy_pi-eps-converted-to.pdf, id=1470, 229.85875pt x 229.85875pt>
File: energy_pi-eps-converted-to.pdf Graphic file (type pdf)

<use energy_pi-eps-converted-to.pdf>pdfTeX warning (ext4): destination with the
 same identifier (name{jj-energy}) has been already used, duplicate ignored
<to be read again> 
                   \relax 
l.840 \end{frame}
                 
Overfull \vbox (16.26398pt too high) detected at line 840
 []

[48

 <C:/Users/mla/Documents/My Dropbox/_Proposal/energy_pi-eps-converted-to.pdf>]
Package epstopdf Info: Source file: <delta-zero-050.eps>
(epstopdf)                    date: 2011-12-12 23:23:21
(epstopdf)                    size: 23397 bytes
(epstopdf)             Output file: <delta-zero-050-eps-converted-to.pdf>
(epstopdf)                    date: 2011-12-12 23:23:50
(epstopdf)                    size: 7275 bytes
(epstopdf)             Command: <epstopdf --outfile=delta-zero-050-eps-converte
d-to.pdf delta-zero-050.eps>
(epstopdf)             \includegraphics on input line 855.
Package epstopdf Info: Output file is already uptodate.
 <delta-zero-050-eps-converted-to.pdf, id=1499, 307.1475pt x 307.1475pt>
File: delta-zero-050-eps-converted-to.pdf Graphic file (type pdf)

<use delta-zero-050-eps-converted-to.pdf>
Package epstopdf Info: Source file: <delta-pi-050.eps>
(epstopdf)                    date: 2011-12-12 23:21:05
(epstopdf)                    size: 23420 bytes
(epstopdf)             Output file: <delta-pi-050-eps-converted-to.pdf>
(epstopdf)                    date: 2011-12-12 23:23:51
(epstopdf)                    size: 7303 bytes
(epstopdf)             Command: <epstopdf --outfile=delta-pi-050-eps-converted-
to.pdf delta-pi-050.eps>
(epstopdf)             \includegraphics on input line 855.
Package epstopdf Info: Output file is already uptodate.

<delta-pi-050-eps-converted-to.pdf, id=1500, 307.1475pt x 307.1475pt>
File: delta-pi-050-eps-converted-to.pdf Graphic file (type pdf)

<use delta-pi-050-eps-converted-to.pdf>
Overfull \vbox (1.369pt too high) detected at line 855
 []

[49


 <C:/Users/mla/Documents/My Dropbox/_Proposal/delta-zero-050-eps-converted-to.p
df> <C:/Users/mla/Documents/My Dropbox/_Proposal/delta-pi-050-eps-converted-to.
pdf>]
Package epstopdf Info: Source file: <dos_zero.eps>
(epstopdf)                    date: 2011-12-12 20:12:17
(epstopdf)                    size: 56018 bytes
(epstopdf)             Output file: <dos_zero-eps-converted-to.pdf>
(epstopdf)                    date: 2011-12-12 20:13:08
(epstopdf)                    size: 25640 bytes
(epstopdf)             Command: <epstopdf --outfile=dos_zero-eps-converted-to.p
df dos_zero.eps>
(epstopdf)             \includegraphics on input line 864.
Package epstopdf Info: Output file is already uptodate.
 <dos_zero-eps-converted-to.pdf, id=1542, 229.85875pt x 229.85875pt>
File: dos_zero-eps-converted-to.pdf Graphic file (type pdf)

<use dos_zero-eps-converted-to.pdf> [50

 <C:/Users/mla/Documents/My Dropbox/_Proposal/dos_zero-eps-converted-to.pdf>]
Package epstopdf Info: Source file: <dos-pi-050.eps>
(epstopdf)                    date: 2011-12-12 20:11:19
(epstopdf)                    size: 58608 bytes
(epstopdf)             Output file: <dos-pi-050-eps-converted-to.pdf>
(epstopdf)                    date: 2011-12-12 20:13:10
(epstopdf)                    size: 27250 bytes
(epstopdf)             Command: <epstopdf --outfile=dos-pi-050-eps-converted-to
.pdf dos-pi-050.eps>
(epstopdf)             \includegraphics on input line 874.
Package epstopdf Info: Output file is already uptodate.

<dos-pi-050-eps-converted-to.pdf, id=1572, 229.85875pt x 229.85875pt>
File: dos-pi-050-eps-converted-to.pdf Graphic file (type pdf)

<use dos-pi-050-eps-converted-to.pdf>pdfTeX warning (ext4): destination with th
e same identifier (name{ldos-jj}) has been already used, duplicate ignored
<to be read again> 
                   \relax 
l.874 \end{frame}
                  [51

 <C:/Users/mla/Documents/My Dropbox/_Proposal/dos-pi-050-eps-converted-to.pdf>]
 <fanyang.png, id=1601, 161.403pt x 257.763pt>
File: fanyang.png Graphic file (type png)

<use fanyang.png>
Overfull \vbox (45.88487pt too high) detected at line 886
 []

[52


 <C:/Users/mla/Documents/My Dropbox/_Proposal/fanyang.png (PNG copy)>]
<spectral-003.png, id=1628, 642.4pt x 481.8pt>
File: spectral-003.png Graphic file (type png)
 <use spectral-003.png> [53

 <C:/Users/mla/Documents/My Dropbox/_Proposal/spectral-003.png (PNG copy)>]
<mosfet.png, id=1656, 408.727pt x 362.153pt>
File: mosfet.png Graphic file (type png)
 <use mosfet.png> [54

 <C:/Users/mla/Documents/My Dropbox/_Proposal/mosfet.png>]
<iv_mosfet.png, id=1684, 680.141pt x 454.498pt>
File: iv_mosfet.png Graphic file (type png)
 <use iv_mosfet.png> [55


 <C:/Users/mla/Documents/My Dropbox/_Proposal/iv_mosfet.png>]
<fgmosfet.png, id=1713, 301.125pt x 187.902pt>
File: fgmosfet.png Graphic file (type png)
 <use fgmosfet.png> [56


 <C:/Users/mla/Documents/My Dropbox/_Proposal/fgmosfet.png (PNG copy)>]
<tifet.jpg, id=1740, 949.5475pt x 569.12625pt>
File: tifet.jpg Graphic file (type jpg)
 <use tifet.jpg> [57

 <C:/Users/mla/Documents/My Dropbox/_Proposal/tifet.jpg>]
<zhao.jpg, id=1766, 397.485pt x 530.98375pt>
File: zhao.jpg Graphic file (type jpg)
 <use zhao.jpg>
<peja.jpg, id=1767, 200.75pt x 200.75pt>
File: peja.jpg Graphic file (type jpg)
 <use peja.jpg>
<papa.jpg, id=1768, 108.405pt x 143.53625pt>
File: papa.jpg Graphic file (type jpg)
 <use papa.jpg>
<qli6.jpg, id=1769, 865.2325pt x 1104.125pt>
File: qli6.jpg Graphic file (type jpg)
 <use qli6.jpg>
Overfull \hbox (3.47131pt too wide) in paragraph at lines 958--958
 [][][][] 
 []

[58

 <C:/Users/mla/Documents/My Dropbox/_Proposal/zhao.jpg> <C:/Users/mla/Documents
/My Dropbox/_Proposal/peja.jpg> <C:/Users/mla/Documents/My Dropbox/_Proposal/pa
pa.jpg> <C:/Users/mla/Documents/My Dropbox/_Proposal/qli6.jpg>]
\tf@nav=\write5
\tf@toc=\write6
\tf@snm=\write7

("C:\Users\mla\Documents\My Dropbox\_Proposal\proposal_pres.aux")

LaTeX Font Warning: Size substitutions with differences
(Font)              up to 1.0pt have occurred.


LaTeX Font Warning: Some font shapes were not available, defaults substituted.


LaTeX Warning: There were undefined references.


LaTeX Warning: There were multiply-defined labels.

 ) 
Here is how much of TeX's memory you used:
 13613 strings out of 495285
 244892 string characters out of 3179884
 315620 words of memory out of 3000000
 16237 multiletter control sequences out of 15000+200000
 21177 words of font info for 80 fonts, out of 3000000 for 9000
 14 hyphenation exceptions out of 8191
 48i,16n,51p,484b,531s stack positions out of 5000i,500n,10000p,200000b,50000s
<C:/Program Files (x86)/MiKTeX 2.8/fonts/type1/public/amsfonts/cm/cmex10.pfb>
<C:/Program Files (x86)/MiKTeX 2.8/fonts/type1/public/amsfonts/cm/cmmi10.pfb><C
:/Program Files (x86)/MiKTeX 2.8/fonts/type1/public/amsfonts/cm/cmmi12.pfb><C:/
Program Files (x86)/MiKTeX 2.8/fonts/type1/public/amsfonts/cm/cmmi8.pfb><C:/Pro
gram Files (x86)/MiKTeX 2.8/fonts/type1/public/amsfonts/cm/cmmib10.pfb><C:/Prog
ram Files (x86)/MiKTeX 2.8/fonts/type1/public/amsfonts/cm/cmr10.pfb><C:/Program
 Files (x86)/MiKTeX 2.8/fonts/type1/public/amsfonts/cm/cmr8.pfb><C:/Program Fil
es (x86)/MiKTeX 2.8/fonts/type1/public/amsfonts/cm/cmss10.pfb><C:/Program Files
 (x86)/MiKTeX 2.8/fonts/type1/public/amsfonts/cm/cmss12.pfb><C:/Program Files (
x86)/MiKTeX 2.8/fonts/type1/public/amsfonts/cm/cmss8.pfb><C:/Program Files (x86
)/MiKTeX 2.8/fonts/type1/public/amsfonts/cm/cmssbx10.pfb><C:/Program Files (x86
)/MiKTeX 2.8/fonts/type1/public/amsfonts/cm/cmssi10.pfb><C:/Program Files (x86)
/MiKTeX 2.8/fonts/type1/public/amsfonts/cm/cmssi8.pfb><C:/Program Files (x86)/M
iKTeX 2.8/fonts/type1/public/amsfonts/cm/cmsy10.pfb><C:/Program Files (x86)/MiK
TeX 2.8/fonts/type1/public/amsfonts/cm/cmsy6.pfb><C:/Program Files (x86)/MiKTeX
 2.8/fonts/type1/public/amsfonts/cm/cmsy7.pfb><C:/Program Files (x86)/MiKTeX 2.
8/fonts/type1/public/amsfonts/cm/cmsy8.pfb><C:/Program Files (x86)/MiKTeX 2.8/f
onts/type1/public/amsfonts/symbols/msbm10.pfb>
Output written on proposal_pres.pdf (58 pages, 3862868 bytes).
PDF statistics:
 1880 PDF objects out of 2073 (max. 8388607)
 129 named destinations out of 1000 (max. 500000)
 283 words of extra memory for PDF output out of 10000 (max. 10000000)

